{"__type":"$$EventMessageAudit","id":"521e8ae3-e104-4ee4-a9e2-c4466deac9e4","ts":"2025-07-22T11:54:09.252+00:00","eventName":"n8n.audit.user.credentials.created","message":"n8n.audit.user.credentials.created","payload":{"userId":"9ec87157-734a-4436-883e-3675572d86c1","_email":"rouabenyahia500@gmail.com","_firstName":"Roua","_lastName":"Ben Yahia","globalRole":"global:owner","credentialType":"googleCalendarOAuth2Api","credentialId":"0NASHzSIOCkOgSDQ","publicApi":false,"projectId":"BBgbggRWL95VNAOL","projectType":"personal"}}
{"__type":"$$EventMessageConfirm","confirm":"521e8ae3-e104-4ee4-a9e2-c4466deac9e4","ts":"2025-07-22T11:54:09.252+00:00","source":{"id":"0","name":"eventBus"}}
{"__type":"$$EventMessageAudit","id":"94bb5620-7b86-4f50-916e-b7e50a7423fe","ts":"2025-07-22T11:54:47.855+00:00","eventName":"n8n.audit.user.credentials.updated","message":"n8n.audit.user.credentials.updated","payload":{"userId":"9ec87157-734a-4436-883e-3675572d86c1","_email":"rouabenyahia500@gmail.com","_firstName":"Roua","_lastName":"Ben Yahia","globalRole":"global:owner","credentialType":"googleCalendarOAuth2Api","credentialId":"0NASHzSIOCkOgSDQ"}}
{"__type":"$$EventMessageConfirm","confirm":"94bb5620-7b86-4f50-916e-b7e50a7423fe","ts":"2025-07-22T11:54:47.856+00:00","source":{"id":"0","name":"eventBus"}}
{"__type":"$$EventMessageAudit","id":"ab52e6b0-14b2-4d24-82d3-41faf67930b8","ts":"2025-07-22T11:55:22.541+00:00","eventName":"n8n.audit.user.credentials.updated","message":"n8n.audit.user.credentials.updated","payload":{"userId":"9ec87157-734a-4436-883e-3675572d86c1","_email":"rouabenyahia500@gmail.com","_firstName":"Roua","_lastName":"Ben Yahia","globalRole":"global:owner","credentialType":"googleCalendarOAuth2Api","credentialId":"0NASHzSIOCkOgSDQ"}}
{"__type":"$$EventMessageConfirm","confirm":"ab52e6b0-14b2-4d24-82d3-41faf67930b8","ts":"2025-07-22T11:55:22.541+00:00","source":{"id":"0","name":"eventBus"}}
{"__type":"$$EventMessageAudit","id":"f97cdc01-af10-42ab-a9a9-b11109b2b0c5","ts":"2025-07-22T11:58:08.129+00:00","eventName":"n8n.audit.user.credentials.deleted","message":"n8n.audit.user.credentials.deleted","payload":{"userId":"9ec87157-734a-4436-883e-3675572d86c1","_email":"rouabenyahia500@gmail.com","_firstName":"Roua","_lastName":"Ben Yahia","globalRole":"global:owner","credentialType":"googleCalendarOAuth2Api","credentialId":"0NASHzSIOCkOgSDQ"}}
{"__type":"$$EventMessageConfirm","confirm":"f97cdc01-af10-42ab-a9a9-b11109b2b0c5","ts":"2025-07-22T11:58:08.129+00:00","source":{"id":"0","name":"eventBus"}}
{"__type":"$$EventMessageAudit","id":"e1b4ce64-7c42-4edb-965b-a42edba5353b","ts":"2025-07-22T13:18:13.559+00:00","eventName":"n8n.audit.user.credentials.created","message":"n8n.audit.user.credentials.created","payload":{"userId":"9ec87157-734a-4436-883e-3675572d86c1","_email":"rouabenyahia500@gmail.com","_firstName":"Roua","_lastName":"Ben Yahia","globalRole":"global:owner","credentialType":"googleSheetsOAuth2Api","credentialId":"I23Qt7fuaDrfG9F3","publicApi":false,"projectId":"BBgbggRWL95VNAOL","projectType":"personal"}}
{"__type":"$$EventMessageConfirm","confirm":"e1b4ce64-7c42-4edb-965b-a42edba5353b","ts":"2025-07-22T13:18:13.560+00:00","source":{"id":"0","name":"eventBus"}}
{"__type":"$$EventMessageAudit","id":"f5f6e359-9cc6-497f-944d-48b996402288","ts":"2025-07-22T13:19:24.840+00:00","eventName":"n8n.audit.workflow.created","message":"n8n.audit.workflow.created","payload":{"userId":"9ec87157-734a-4436-883e-3675572d86c1","_email":"rouabenyahia500@gmail.com","_firstName":"Roua","_lastName":"Ben Yahia","globalRole":"global:owner","workflowId":"fPZfsCyAXG0XMedJ","workflowName":"My workflow"}}
{"__type":"$$EventMessageConfirm","confirm":"f5f6e359-9cc6-497f-944d-48b996402288","ts":"2025-07-22T13:19:24.841+00:00","source":{"id":"0","name":"eventBus"}}
{"__type":"$$EventMessageWorkflow","id":"6bba9609-75d3-407f-b80d-c3a081068cd4","ts":"2025-07-22T13:19:25.006+00:00","eventName":"n8n.workflow.failed","message":"n8n.workflow.failed","payload":{"userId":"9ec87157-734a-4436-883e-3675572d86c1","executionId":"1","success":false,"isManual":true,"workflowId":"fPZfsCyAXG0XMedJ","workflowName":"My workflow","errorMessage":"The workflow has issues and cannot be executed for that reason. Please fix them first."}}
{"__type":"$$EventMessageConfirm","confirm":"6bba9609-75d3-407f-b80d-c3a081068cd4","ts":"2025-07-22T13:19:25.006+00:00","source":{"id":"0","name":"eventBus"}}
{"__type":"$$EventMessageAudit","id":"75a40974-50e6-4c08-a062-7bb4080f3901","ts":"2025-07-22T13:20:31.626+00:00","eventName":"n8n.audit.user.credentials.updated","message":"n8n.audit.user.credentials.updated","payload":{"userId":"9ec87157-734a-4436-883e-3675572d86c1","_email":"rouabenyahia500@gmail.com","_firstName":"Roua","_lastName":"Ben Yahia","globalRole":"global:owner","credentialType":"googleSheetsOAuth2Api","credentialId":"I23Qt7fuaDrfG9F3"}}
{"__type":"$$EventMessageConfirm","confirm":"75a40974-50e6-4c08-a062-7bb4080f3901","ts":"2025-07-22T13:20:31.626+00:00","source":{"id":"0","name":"eventBus"}}
{"__type":"$$EventMessageAudit","id":"e73361bf-78bd-4890-b880-0ba74e9b195b","ts":"2025-07-22T13:21:12.482+00:00","eventName":"n8n.audit.user.credentials.updated","message":"n8n.audit.user.credentials.updated","payload":{"userId":"9ec87157-734a-4436-883e-3675572d86c1","_email":"rouabenyahia500@gmail.com","_firstName":"Roua","_lastName":"Ben Yahia","globalRole":"global:owner","credentialType":"googleSheetsOAuth2Api","credentialId":"I23Qt7fuaDrfG9F3"}}
{"__type":"$$EventMessageConfirm","confirm":"e73361bf-78bd-4890-b880-0ba74e9b195b","ts":"2025-07-22T13:21:12.482+00:00","source":{"id":"0","name":"eventBus"}}
{"__type":"$$EventMessageWorkflow","id":"7e6c8aca-41aa-4e8a-bd97-73aef78ef8ec","ts":"2025-07-22T13:21:53.512+00:00","eventName":"n8n.workflow.failed","message":"n8n.workflow.failed","payload":{"userId":"9ec87157-734a-4436-883e-3675572d86c1","executionId":"2","success":false,"isManual":true,"workflowId":"fPZfsCyAXG0XMedJ","workflowName":"My workflow","errorMessage":"The workflow has issues and cannot be executed for that reason. Please fix them first."}}
{"__type":"$$EventMessageConfirm","confirm":"7e6c8aca-41aa-4e8a-bd97-73aef78ef8ec","ts":"2025-07-22T13:21:53.512+00:00","source":{"id":"0","name":"eventBus"}}
{"__type":"$$EventMessageWorkflow","id":"778ead24-7e56-4973-96eb-7c0b33b2f0b5","ts":"2025-07-22T13:21:57.279+00:00","eventName":"n8n.workflow.failed","message":"n8n.workflow.failed","payload":{"userId":"9ec87157-734a-4436-883e-3675572d86c1","executionId":"3","success":false,"isManual":true,"workflowId":"fPZfsCyAXG0XMedJ","workflowName":"My workflow","errorMessage":"The workflow has issues and cannot be executed for that reason. Please fix them first."}}
{"__type":"$$EventMessageConfirm","confirm":"778ead24-7e56-4973-96eb-7c0b33b2f0b5","ts":"2025-07-22T13:21:57.279+00:00","source":{"id":"0","name":"eventBus"}}
{"__type":"$$EventMessageAudit","id":"edfea009-d33f-40b9-a682-2f6930c2e720","ts":"2025-07-22T13:23:10.657+00:00","eventName":"n8n.audit.user.credentials.updated","message":"n8n.audit.user.credentials.updated","payload":{"userId":"9ec87157-734a-4436-883e-3675572d86c1","_email":"rouabenyahia500@gmail.com","_firstName":"Roua","_lastName":"Ben Yahia","globalRole":"global:owner","credentialType":"googleSheetsOAuth2Api","credentialId":"I23Qt7fuaDrfG9F3"}}
{"__type":"$$EventMessageConfirm","confirm":"edfea009-d33f-40b9-a682-2f6930c2e720","ts":"2025-07-22T13:23:10.657+00:00","source":{"id":"0","name":"eventBus"}}
{"__type":"$$EventMessageAudit","id":"304c639f-5761-4130-961d-870c22ff37f0","ts":"2025-07-22T13:23:22.499+00:00","eventName":"n8n.audit.user.credentials.updated","message":"n8n.audit.user.credentials.updated","payload":{"userId":"9ec87157-734a-4436-883e-3675572d86c1","_email":"rouabenyahia500@gmail.com","_firstName":"Roua","_lastName":"Ben Yahia","globalRole":"global:owner","credentialType":"googleSheetsOAuth2Api","credentialId":"I23Qt7fuaDrfG9F3"}}
{"__type":"$$EventMessageConfirm","confirm":"304c639f-5761-4130-961d-870c22ff37f0","ts":"2025-07-22T13:23:22.499+00:00","source":{"id":"0","name":"eventBus"}}
{"__type":"$$EventMessageAudit","id":"e1cc74b2-9e12-4d99-bd6b-d7ae4892d58b","ts":"2025-07-22T13:33:50.665+00:00","eventName":"n8n.audit.user.credentials.updated","message":"n8n.audit.user.credentials.updated","payload":{"userId":"9ec87157-734a-4436-883e-3675572d86c1","_email":"rouabenyahia500@gmail.com","_firstName":"Roua","_lastName":"Ben Yahia","globalRole":"global:owner","credentialType":"googleSheetsOAuth2Api","credentialId":"I23Qt7fuaDrfG9F3"}}
{"__type":"$$EventMessageConfirm","confirm":"e1cc74b2-9e12-4d99-bd6b-d7ae4892d58b","ts":"2025-07-22T13:33:50.665+00:00","source":{"id":"0","name":"eventBus"}}
{"__type":"$$EventMessageWorkflow","id":"80fda24a-f8bb-4e3c-bcf0-9ccae8caf427","ts":"2025-07-22T13:36:00.918+00:00","eventName":"n8n.workflow.started","message":"n8n.workflow.started","payload":{"executionId":"4","workflowId":"fPZfsCyAXG0XMedJ","isManual":false,"workflowName":"My workflow"}}
{"__type":"$$EventMessageConfirm","confirm":"80fda24a-f8bb-4e3c-bcf0-9ccae8caf427","ts":"2025-07-22T13:36:00.918+00:00","source":{"id":"0","name":"eventBus"}}
{"__type":"$$EventMessageNode","id":"7be27fa5-4ec7-43c2-b0eb-3bf22830e2ff","ts":"2025-07-22T13:36:00.919+00:00","eventName":"n8n.node.started","message":"n8n.node.started","payload":{"workflowId":"fPZfsCyAXG0XMedJ","workflowName":"My workflow","executionId":"4","nodeType":"n8n-nodes-base.manualTrigger","nodeName":"When clicking ‘Execute workflow’","nodeId":"0e45b3c4-1d9e-4448-9c54-edf3e9193235"}}
{"__type":"$$EventMessageConfirm","confirm":"7be27fa5-4ec7-43c2-b0eb-3bf22830e2ff","ts":"2025-07-22T13:36:00.919+00:00","source":{"id":"0","name":"eventBus"}}
{"__type":"$$EventMessageNode","id":"2e15a5ad-1973-4322-aaa5-a726ab3e4945","ts":"2025-07-22T13:36:00.924+00:00","eventName":"n8n.node.finished","message":"n8n.node.finished","payload":{"workflowId":"fPZfsCyAXG0XMedJ","workflowName":"My workflow","executionId":"4","nodeType":"n8n-nodes-base.manualTrigger","nodeName":"When clicking ‘Execute workflow’","nodeId":"0e45b3c4-1d9e-4448-9c54-edf3e9193235"}}
{"__type":"$$EventMessageConfirm","confirm":"2e15a5ad-1973-4322-aaa5-a726ab3e4945","ts":"2025-07-22T13:36:00.924+00:00","source":{"id":"0","name":"eventBus"}}
{"__type":"$$EventMessageNode","id":"1513471a-18e6-45e8-9d8d-39d22e04e2ac","ts":"2025-07-22T13:36:00.924+00:00","eventName":"n8n.node.started","message":"n8n.node.started","payload":{"workflowId":"fPZfsCyAXG0XMedJ","workflowName":"My workflow","executionId":"4","nodeType":"n8n-nodes-base.googleSheets","nodeName":"Get row(s) in sheet","nodeId":"aca23b7f-313f-4869-9962-127b296269aa"}}
{"__type":"$$EventMessageConfirm","confirm":"1513471a-18e6-45e8-9d8d-39d22e04e2ac","ts":"2025-07-22T13:36:00.924+00:00","source":{"id":"0","name":"eventBus"}}
{"__type":"$$EventMessageNode","id":"51349549-ecd5-408c-ad8d-f45185249f6e","ts":"2025-07-22T13:36:02.225+00:00","eventName":"n8n.node.finished","message":"n8n.node.finished","payload":{"workflowId":"fPZfsCyAXG0XMedJ","workflowName":"My workflow","executionId":"4","nodeType":"n8n-nodes-base.googleSheets","nodeName":"Get row(s) in sheet","nodeId":"aca23b7f-313f-4869-9962-127b296269aa"}}
{"__type":"$$EventMessageConfirm","confirm":"51349549-ecd5-408c-ad8d-f45185249f6e","ts":"2025-07-22T13:36:02.226+00:00","source":{"id":"0","name":"eventBus"}}
{"__type":"$$EventMessageWorkflow","id":"24d2d520-41cf-4e8b-84e7-edc9dc7eed7a","ts":"2025-07-22T13:36:02.228+00:00","eventName":"n8n.workflow.success","message":"n8n.workflow.success","payload":{"userId":"9ec87157-734a-4436-883e-3675572d86c1","executionId":"4","success":true,"isManual":true,"workflowId":"fPZfsCyAXG0XMedJ","workflowName":"My workflow"}}
{"__type":"$$EventMessageConfirm","confirm":"24d2d520-41cf-4e8b-84e7-edc9dc7eed7a","ts":"2025-07-22T13:36:02.228+00:00","source":{"id":"0","name":"eventBus"}}
{"__type":"$$EventMessageAudit","id":"fac8f6c8-a5cf-4cb8-bec9-7a4914f52b91","ts":"2025-07-22T13:44:47.540+00:00","eventName":"n8n.audit.user.credentials.created","message":"n8n.audit.user.credentials.created","payload":{"userId":"9ec87157-734a-4436-883e-3675572d86c1","_email":"rouabenyahia500@gmail.com","_firstName":"Roua","_lastName":"Ben Yahia","globalRole":"global:owner","credentialType":"googleCalendarOAuth2Api","credentialId":"l9wquveLXPu3wVfI","publicApi":false,"projectId":"BBgbggRWL95VNAOL","projectType":"personal"}}
{"__type":"$$EventMessageConfirm","confirm":"fac8f6c8-a5cf-4cb8-bec9-7a4914f52b91","ts":"2025-07-22T13:44:47.540+00:00","source":{"id":"0","name":"eventBus"}}
{"__type":"$$EventMessageWorkflow","id":"08a02fc7-8b3e-4800-9ee9-a386437a45d3","ts":"2025-07-22T13:46:45.663+00:00","eventName":"n8n.workflow.failed","message":"n8n.workflow.failed","payload":{"userId":"9ec87157-734a-4436-883e-3675572d86c1","executionId":"5","success":false,"isManual":true,"workflowId":"fPZfsCyAXG0XMedJ","workflowName":"My workflow","errorMessage":"The workflow has issues and cannot be executed for that reason. Please fix them first."}}
{"__type":"$$EventMessageConfirm","confirm":"08a02fc7-8b3e-4800-9ee9-a386437a45d3","ts":"2025-07-22T13:46:45.663+00:00","source":{"id":"0","name":"eventBus"}}
{"__type":"$$EventMessageWorkflow","id":"dc293900-2e3f-4254-a516-e716e7386f35","ts":"2025-07-22T14:05:46.344+00:00","eventName":"n8n.workflow.started","message":"n8n.workflow.started","payload":{"executionId":"6","workflowId":"fPZfsCyAXG0XMedJ","isManual":false,"workflowName":"My workflow"}}
{"__type":"$$EventMessageConfirm","confirm":"dc293900-2e3f-4254-a516-e716e7386f35","ts":"2025-07-22T14:05:46.344+00:00","source":{"id":"0","name":"eventBus"}}
{"__type":"$$EventMessageNode","id":"a4f5a0e5-8e70-4c3b-bacc-2729539cbe0e","ts":"2025-07-22T14:05:46.345+00:00","eventName":"n8n.node.started","message":"n8n.node.started","payload":{"workflowId":"fPZfsCyAXG0XMedJ","workflowName":"My workflow","executionId":"6","nodeType":"n8n-nodes-base.googleCalendar","nodeName":"Create an event","nodeId":"3024b758-1dbb-480d-b0a4-4b075bb7cc5c"}}
{"__type":"$$EventMessageConfirm","confirm":"a4f5a0e5-8e70-4c3b-bacc-2729539cbe0e","ts":"2025-07-22T14:05:46.345+00:00","source":{"id":"0","name":"eventBus"}}
{"__type":"$$EventMessageNode","id":"898d2d0a-33dc-427c-b138-eb61a2c789fc","ts":"2025-07-22T10:05:46.967-04:00","eventName":"n8n.node.finished","message":"n8n.node.finished","payload":{"workflowId":"fPZfsCyAXG0XMedJ","workflowName":"My workflow","executionId":"6","nodeType":"n8n-nodes-base.googleCalendar","nodeName":"Create an event","nodeId":"3024b758-1dbb-480d-b0a4-4b075bb7cc5c"}}
{"__type":"$$EventMessageConfirm","confirm":"898d2d0a-33dc-427c-b138-eb61a2c789fc","ts":"2025-07-22T10:05:46.967-04:00","source":{"id":"0","name":"eventBus"}}
{"__type":"$$EventMessageWorkflow","id":"91c00c6a-f9bc-4eec-b05d-c1eb274bcee5","ts":"2025-07-22T10:05:46.969-04:00","eventName":"n8n.workflow.success","message":"n8n.workflow.success","payload":{"userId":"9ec87157-734a-4436-883e-3675572d86c1","executionId":"6","success":true,"isManual":true,"workflowId":"fPZfsCyAXG0XMedJ","workflowName":"My workflow"}}
{"__type":"$$EventMessageConfirm","confirm":"91c00c6a-f9bc-4eec-b05d-c1eb274bcee5","ts":"2025-07-22T10:05:46.969-04:00","source":{"id":"0","name":"eventBus"}}
{"__type":"$$EventMessageWorkflow","id":"0e6bf737-8cd3-4da6-a42f-83dc4a05de51","ts":"2025-07-22T10:06:28.195-04:00","eventName":"n8n.workflow.started","message":"n8n.workflow.started","payload":{"executionId":"7","workflowId":"fPZfsCyAXG0XMedJ","isManual":false,"workflowName":"My workflow"}}
{"__type":"$$EventMessageConfirm","confirm":"0e6bf737-8cd3-4da6-a42f-83dc4a05de51","ts":"2025-07-22T10:06:28.195-04:00","source":{"id":"0","name":"eventBus"}}
{"__type":"$$EventMessageNode","id":"adfe06c5-e60a-4f34-bfcf-30ecd7bfc116","ts":"2025-07-22T10:06:28.195-04:00","eventName":"n8n.node.started","message":"n8n.node.started","payload":{"workflowId":"fPZfsCyAXG0XMedJ","workflowName":"My workflow","executionId":"7","nodeType":"n8n-nodes-base.googleCalendar","nodeName":"Create an event","nodeId":"3024b758-1dbb-480d-b0a4-4b075bb7cc5c"}}
{"__type":"$$EventMessageConfirm","confirm":"adfe06c5-e60a-4f34-bfcf-30ecd7bfc116","ts":"2025-07-22T10:06:28.196-04:00","source":{"id":"0","name":"eventBus"}}
{"__type":"$$EventMessageNode","id":"7b9acc03-0cff-4a5f-8cd8-e8e83e2de51a","ts":"2025-07-22T10:06:28.483-04:00","eventName":"n8n.node.finished","message":"n8n.node.finished","payload":{"workflowId":"fPZfsCyAXG0XMedJ","workflowName":"My workflow","executionId":"7","nodeType":"n8n-nodes-base.googleCalendar","nodeName":"Create an event","nodeId":"3024b758-1dbb-480d-b0a4-4b075bb7cc5c"}}
{"__type":"$$EventMessageConfirm","confirm":"7b9acc03-0cff-4a5f-8cd8-e8e83e2de51a","ts":"2025-07-22T10:06:28.483-04:00","source":{"id":"0","name":"eventBus"}}
{"__type":"$$EventMessageWorkflow","id":"8a728075-eb2a-4f5d-ac1c-822de199a354","ts":"2025-07-22T10:06:28.486-04:00","eventName":"n8n.workflow.failed","message":"n8n.workflow.failed","payload":{"userId":"9ec87157-734a-4436-883e-3675572d86c1","executionId":"7","success":false,"isManual":true,"workflowId":"fPZfsCyAXG0XMedJ","workflowName":"My workflow","lastNodeExecuted":"Create an event","errorNodeType":"n8n-nodes-base.googleCalendar","errorMessage":"Forbidden - perhaps check your credentials?"}}
{"__type":"$$EventMessageConfirm","confirm":"8a728075-eb2a-4f5d-ac1c-822de199a354","ts":"2025-07-22T10:06:28.486-04:00","source":{"id":"0","name":"eventBus"}}
{"__type":"$$EventMessageWorkflow","id":"de8740f1-2810-4109-9cfb-0f2654b9eff0","ts":"2025-07-22T10:06:50.588-04:00","eventName":"n8n.workflow.started","message":"n8n.workflow.started","payload":{"executionId":"8","workflowId":"fPZfsCyAXG0XMedJ","isManual":false,"workflowName":"My workflow"}}
{"__type":"$$EventMessageConfirm","confirm":"de8740f1-2810-4109-9cfb-0f2654b9eff0","ts":"2025-07-22T10:06:50.589-04:00","source":{"id":"0","name":"eventBus"}}
{"__type":"$$EventMessageNode","id":"631d8d14-529c-43fa-94b9-ede69b125a30","ts":"2025-07-22T10:06:50.589-04:00","eventName":"n8n.node.started","message":"n8n.node.started","payload":{"workflowId":"fPZfsCyAXG0XMedJ","workflowName":"My workflow","executionId":"8","nodeType":"n8n-nodes-base.googleCalendar","nodeName":"Create an event","nodeId":"3024b758-1dbb-480d-b0a4-4b075bb7cc5c"}}
{"__type":"$$EventMessageConfirm","confirm":"631d8d14-529c-43fa-94b9-ede69b125a30","ts":"2025-07-22T10:06:50.589-04:00","source":{"id":"0","name":"eventBus"}}
{"__type":"$$EventMessageNode","id":"005c89c9-238b-4251-9de4-4249efe420a8","ts":"2025-07-22T10:06:51.051-04:00","eventName":"n8n.node.finished","message":"n8n.node.finished","payload":{"workflowId":"fPZfsCyAXG0XMedJ","workflowName":"My workflow","executionId":"8","nodeType":"n8n-nodes-base.googleCalendar","nodeName":"Create an event","nodeId":"3024b758-1dbb-480d-b0a4-4b075bb7cc5c"}}
{"__type":"$$EventMessageConfirm","confirm":"005c89c9-238b-4251-9de4-4249efe420a8","ts":"2025-07-22T10:06:51.051-04:00","source":{"id":"0","name":"eventBus"}}
{"__type":"$$EventMessageWorkflow","id":"6d821359-29f8-4e27-a468-969155cf97aa","ts":"2025-07-22T10:06:51.053-04:00","eventName":"n8n.workflow.success","message":"n8n.workflow.success","payload":{"userId":"9ec87157-734a-4436-883e-3675572d86c1","executionId":"8","success":true,"isManual":true,"workflowId":"fPZfsCyAXG0XMedJ","workflowName":"My workflow"}}
{"__type":"$$EventMessageConfirm","confirm":"6d821359-29f8-4e27-a468-969155cf97aa","ts":"2025-07-22T10:06:51.054-04:00","source":{"id":"0","name":"eventBus"}}
{"__type":"$$EventMessageWorkflow","id":"cb18f6e3-7a74-438a-9bb8-7ec32401ab76","ts":"2025-07-22T10:07:42.395-04:00","eventName":"n8n.workflow.started","message":"n8n.workflow.started","payload":{"executionId":"9","workflowId":"fPZfsCyAXG0XMedJ","isManual":false,"workflowName":"My workflow"}}
{"__type":"$$EventMessageConfirm","confirm":"cb18f6e3-7a74-438a-9bb8-7ec32401ab76","ts":"2025-07-22T10:07:42.396-04:00","source":{"id":"0","name":"eventBus"}}
{"__type":"$$EventMessageNode","id":"82caa06f-3cb2-4e10-a16d-8c22d6690c35","ts":"2025-07-22T10:07:42.396-04:00","eventName":"n8n.node.started","message":"n8n.node.started","payload":{"workflowId":"fPZfsCyAXG0XMedJ","workflowName":"My workflow","executionId":"9","nodeType":"n8n-nodes-base.manualTrigger","nodeName":"When clicking ‘Execute workflow’","nodeId":"0e45b3c4-1d9e-4448-9c54-edf3e9193235"}}
{"__type":"$$EventMessageConfirm","confirm":"82caa06f-3cb2-4e10-a16d-8c22d6690c35","ts":"2025-07-22T10:07:42.396-04:00","source":{"id":"0","name":"eventBus"}}
{"__type":"$$EventMessageNode","id":"a413d845-f080-46c3-b56f-e956c6e03193","ts":"2025-07-22T10:07:42.397-04:00","eventName":"n8n.node.finished","message":"n8n.node.finished","payload":{"workflowId":"fPZfsCyAXG0XMedJ","workflowName":"My workflow","executionId":"9","nodeType":"n8n-nodes-base.manualTrigger","nodeName":"When clicking ‘Execute workflow’","nodeId":"0e45b3c4-1d9e-4448-9c54-edf3e9193235"}}
{"__type":"$$EventMessageConfirm","confirm":"a413d845-f080-46c3-b56f-e956c6e03193","ts":"2025-07-22T10:07:42.397-04:00","source":{"id":"0","name":"eventBus"}}
{"__type":"$$EventMessageNode","id":"c3c541de-ede8-4682-9502-9fec3dd71e9d","ts":"2025-07-22T10:07:42.398-04:00","eventName":"n8n.node.started","message":"n8n.node.started","payload":{"workflowId":"fPZfsCyAXG0XMedJ","workflowName":"My workflow","executionId":"9","nodeType":"n8n-nodes-base.googleSheets","nodeName":"Get row(s) in sheet","nodeId":"aca23b7f-313f-4869-9962-127b296269aa"}}
{"__type":"$$EventMessageConfirm","confirm":"c3c541de-ede8-4682-9502-9fec3dd71e9d","ts":"2025-07-22T10:07:42.398-04:00","source":{"id":"0","name":"eventBus"}}
{"__type":"$$EventMessageNode","id":"bc9cca98-ab3b-4f2f-8db3-dc5224cc9a8a","ts":"2025-07-22T10:07:43.134-04:00","eventName":"n8n.node.finished","message":"n8n.node.finished","payload":{"workflowId":"fPZfsCyAXG0XMedJ","workflowName":"My workflow","executionId":"9","nodeType":"n8n-nodes-base.googleSheets","nodeName":"Get row(s) in sheet","nodeId":"aca23b7f-313f-4869-9962-127b296269aa"}}
{"__type":"$$EventMessageConfirm","confirm":"bc9cca98-ab3b-4f2f-8db3-dc5224cc9a8a","ts":"2025-07-22T10:07:43.134-04:00","source":{"id":"0","name":"eventBus"}}
{"__type":"$$EventMessageWorkflow","id":"4bec3f0b-f4e3-49d7-a1f1-04e74166af41","ts":"2025-07-22T10:07:43.135-04:00","eventName":"n8n.workflow.success","message":"n8n.workflow.success","payload":{"userId":"9ec87157-734a-4436-883e-3675572d86c1","executionId":"9","success":true,"isManual":true,"workflowId":"fPZfsCyAXG0XMedJ","workflowName":"My workflow"}}
{"__type":"$$EventMessageConfirm","confirm":"4bec3f0b-f4e3-49d7-a1f1-04e74166af41","ts":"2025-07-22T10:07:43.135-04:00","source":{"id":"0","name":"eventBus"}}
{"__type":"$$EventMessageWorkflow","id":"339f0fb8-11a8-483d-849d-7debeb81f620","ts":"2025-07-22T10:33:19.512-04:00","eventName":"n8n.workflow.started","message":"n8n.workflow.started","payload":{"executionId":"10","workflowId":"fPZfsCyAXG0XMedJ","isManual":false,"workflowName":"My workflow"}}
{"__type":"$$EventMessageConfirm","confirm":"339f0fb8-11a8-483d-849d-7debeb81f620","ts":"2025-07-22T10:33:19.512-04:00","source":{"id":"0","name":"eventBus"}}
{"__type":"$$EventMessageNode","id":"6ec73628-2d1f-471b-ac68-f98de9bb7b4f","ts":"2025-07-22T10:33:19.513-04:00","eventName":"n8n.node.started","message":"n8n.node.started","payload":{"workflowId":"fPZfsCyAXG0XMedJ","workflowName":"My workflow","executionId":"10","nodeType":"n8n-nodes-base.googleSheets","nodeName":"Get row(s) in sheet","nodeId":"aca23b7f-313f-4869-9962-127b296269aa"}}
{"__type":"$$EventMessageConfirm","confirm":"6ec73628-2d1f-471b-ac68-f98de9bb7b4f","ts":"2025-07-22T10:33:19.513-04:00","source":{"id":"0","name":"eventBus"}}
{"__type":"$$EventMessageNode","id":"1c971053-e90d-42aa-8af9-c1d8ca9a1b98","ts":"2025-07-22T10:33:20.328-04:00","eventName":"n8n.node.finished","message":"n8n.node.finished","payload":{"workflowId":"fPZfsCyAXG0XMedJ","workflowName":"My workflow","executionId":"10","nodeType":"n8n-nodes-base.googleSheets","nodeName":"Get row(s) in sheet","nodeId":"aca23b7f-313f-4869-9962-127b296269aa"}}
{"__type":"$$EventMessageConfirm","confirm":"1c971053-e90d-42aa-8af9-c1d8ca9a1b98","ts":"2025-07-22T10:33:20.328-04:00","source":{"id":"0","name":"eventBus"}}
{"__type":"$$EventMessageWorkflow","id":"2bf1bb39-bb00-4bc1-b690-fdf48ff11d15","ts":"2025-07-22T10:33:20.331-04:00","eventName":"n8n.workflow.success","message":"n8n.workflow.success","payload":{"userId":"9ec87157-734a-4436-883e-3675572d86c1","executionId":"10","success":true,"isManual":true,"workflowId":"fPZfsCyAXG0XMedJ","workflowName":"My workflow"}}
{"__type":"$$EventMessageConfirm","confirm":"2bf1bb39-bb00-4bc1-b690-fdf48ff11d15","ts":"2025-07-22T10:33:20.332-04:00","source":{"id":"0","name":"eventBus"}}
{"__type":"$$EventMessageWorkflow","id":"398dad96-c2d7-4b46-863e-dab2d83d3de5","ts":"2025-07-22T10:35:08.286-04:00","eventName":"n8n.workflow.started","message":"n8n.workflow.started","payload":{"executionId":"11","workflowId":"fPZfsCyAXG0XMedJ","isManual":false,"workflowName":"My workflow"}}
{"__type":"$$EventMessageConfirm","confirm":"398dad96-c2d7-4b46-863e-dab2d83d3de5","ts":"2025-07-22T10:35:08.286-04:00","source":{"id":"0","name":"eventBus"}}
{"__type":"$$EventMessageNode","id":"0e5c99db-d410-4e83-8fb6-2c8a7e6e6232","ts":"2025-07-22T10:35:08.288-04:00","eventName":"n8n.node.started","message":"n8n.node.started","payload":{"workflowId":"fPZfsCyAXG0XMedJ","workflowName":"My workflow","executionId":"11","nodeType":"n8n-nodes-base.googleCalendar","nodeName":"Create an event","nodeId":"3024b758-1dbb-480d-b0a4-4b075bb7cc5c"}}
{"__type":"$$EventMessageConfirm","confirm":"0e5c99db-d410-4e83-8fb6-2c8a7e6e6232","ts":"2025-07-22T10:35:08.288-04:00","source":{"id":"0","name":"eventBus"}}
{"__type":"$$EventMessageNode","id":"695f55a2-b699-40c1-8467-a7a055002e1d","ts":"2025-07-22T10:35:08.562-04:00","eventName":"n8n.node.finished","message":"n8n.node.finished","payload":{"workflowId":"fPZfsCyAXG0XMedJ","workflowName":"My workflow","executionId":"11","nodeType":"n8n-nodes-base.googleCalendar","nodeName":"Create an event","nodeId":"3024b758-1dbb-480d-b0a4-4b075bb7cc5c"}}
{"__type":"$$EventMessageConfirm","confirm":"695f55a2-b699-40c1-8467-a7a055002e1d","ts":"2025-07-22T10:35:08.562-04:00","source":{"id":"0","name":"eventBus"}}
{"__type":"$$EventMessageWorkflow","id":"1cb0ddf0-80e6-4f73-85ba-ae9745b2b80f","ts":"2025-07-22T10:35:08.565-04:00","eventName":"n8n.workflow.failed","message":"n8n.workflow.failed","payload":{"userId":"9ec87157-734a-4436-883e-3675572d86c1","executionId":"11","success":false,"isManual":true,"workflowId":"fPZfsCyAXG0XMedJ","workflowName":"My workflow","lastNodeExecuted":"Create an event","errorNodeType":"n8n-nodes-base.googleCalendar","errorMessage":"Bad request - please check your parameters"}}
{"__type":"$$EventMessageConfirm","confirm":"1cb0ddf0-80e6-4f73-85ba-ae9745b2b80f","ts":"2025-07-22T10:35:08.565-04:00","source":{"id":"0","name":"eventBus"}}
{"__type":"$$EventMessageWorkflow","id":"2fd7a155-cdff-4ef2-b7d9-3c7f22de8779","ts":"2025-07-22T10:35:14.204-04:00","eventName":"n8n.workflow.started","message":"n8n.workflow.started","payload":{"executionId":"12","workflowId":"fPZfsCyAXG0XMedJ","isManual":false,"workflowName":"My workflow"}}
{"__type":"$$EventMessageConfirm","confirm":"2fd7a155-cdff-4ef2-b7d9-3c7f22de8779","ts":"2025-07-22T10:35:14.205-04:00","source":{"id":"0","name":"eventBus"}}
{"__type":"$$EventMessageNode","id":"6ad8a097-c0c2-4783-886f-83da8eef42c7","ts":"2025-07-22T10:35:14.206-04:00","eventName":"n8n.node.started","message":"n8n.node.started","payload":{"workflowId":"fPZfsCyAXG0XMedJ","workflowName":"My workflow","executionId":"12","nodeType":"n8n-nodes-base.googleCalendar","nodeName":"Create an event","nodeId":"3024b758-1dbb-480d-b0a4-4b075bb7cc5c"}}
{"__type":"$$EventMessageConfirm","confirm":"6ad8a097-c0c2-4783-886f-83da8eef42c7","ts":"2025-07-22T10:35:14.206-04:00","source":{"id":"0","name":"eventBus"}}
{"__type":"$$EventMessageNode","id":"323a30e3-c87c-41fc-abee-a0439bab2c4e","ts":"2025-07-22T10:35:14.453-04:00","eventName":"n8n.node.finished","message":"n8n.node.finished","payload":{"workflowId":"fPZfsCyAXG0XMedJ","workflowName":"My workflow","executionId":"12","nodeType":"n8n-nodes-base.googleCalendar","nodeName":"Create an event","nodeId":"3024b758-1dbb-480d-b0a4-4b075bb7cc5c"}}
{"__type":"$$EventMessageConfirm","confirm":"323a30e3-c87c-41fc-abee-a0439bab2c4e","ts":"2025-07-22T10:35:14.453-04:00","source":{"id":"0","name":"eventBus"}}
{"__type":"$$EventMessageWorkflow","id":"e0599660-fbc6-446b-ac28-b29ff5e2ac02","ts":"2025-07-22T10:35:14.459-04:00","eventName":"n8n.workflow.failed","message":"n8n.workflow.failed","payload":{"userId":"9ec87157-734a-4436-883e-3675572d86c1","executionId":"12","success":false,"isManual":true,"workflowId":"fPZfsCyAXG0XMedJ","workflowName":"My workflow","lastNodeExecuted":"Create an event","errorNodeType":"n8n-nodes-base.googleCalendar","errorMessage":"Bad request - please check your parameters"}}
{"__type":"$$EventMessageConfirm","confirm":"e0599660-fbc6-446b-ac28-b29ff5e2ac02","ts":"2025-07-22T10:35:14.459-04:00","source":{"id":"0","name":"eventBus"}}
