{"__type":"$$EventMessageAudit","id":"a5f667de-f95a-456b-8212-8702828db35f","ts":"2025-07-22T14:49:29.821+00:00","eventName":"n8n.audit.workflow.updated","message":"n8n.audit.workflow.updated","payload":{"userId":"9ec87157-734a-4436-883e-3675572d86c1","_email":"rouabenyahia500@gmail.com","_firstName":"Roua","_lastName":"Ben Yahia","globalRole":"global:owner","workflowId":"fPZfsCyAXG0XMedJ","workflowName":"My workflow"}}
{"__type":"$$EventMessageConfirm","confirm":"a5f667de-f95a-456b-8212-8702828db35f","ts":"2025-07-22T14:49:29.822+00:00","source":{"id":"0","name":"eventBus"}}
{"__type":"$$EventMessageAudit","id":"261bc4ca-0be9-4844-9620-8a8d853f9f8a","ts":"2025-07-22T14:49:33.001+00:00","eventName":"n8n.audit.workflow.updated","message":"n8n.audit.workflow.updated","payload":{"userId":"9ec87157-734a-4436-883e-3675572d86c1","_email":"rouabenyahia500@gmail.com","_firstName":"Roua","_lastName":"Ben Yahia","globalRole":"global:owner","workflowId":"fPZfsCyAXG0XMedJ","workflowName":"My workflow"}}
{"__type":"$$EventMessageConfirm","confirm":"261bc4ca-0be9-4844-9620-8a8d853f9f8a","ts":"2025-07-22T14:49:33.001+00:00","source":{"id":"0","name":"eventBus"}}
{"__type":"$$EventMessageWorkflow","id":"9e7610ac-0cb4-45cf-97e6-9e63f6e30e1c","ts":"2025-07-22T14:50:21.308+00:00","eventName":"n8n.workflow.started","message":"n8n.workflow.started","payload":{"executionId":"13","workflowId":"fPZfsCyAXG0XMedJ","isManual":false,"workflowName":"My workflow"}}
{"__type":"$$EventMessageConfirm","confirm":"9e7610ac-0cb4-45cf-97e6-9e63f6e30e1c","ts":"2025-07-22T14:50:21.308+00:00","source":{"id":"0","name":"eventBus"}}
{"__type":"$$EventMessageNode","id":"44262fa1-e932-4529-bf59-79e8a79dbdfe","ts":"2025-07-22T14:50:21.309+00:00","eventName":"n8n.node.started","message":"n8n.node.started","payload":{"workflowId":"fPZfsCyAXG0XMedJ","workflowName":"My workflow","executionId":"13","nodeType":"n8n-nodes-base.manualTrigger","nodeName":"When clicking ‘Execute workflow’","nodeId":"19d6d40f-1d60-4922-b22e-43e655db1996"}}
{"__type":"$$EventMessageConfirm","confirm":"44262fa1-e932-4529-bf59-79e8a79dbdfe","ts":"2025-07-22T14:50:21.309+00:00","source":{"id":"0","name":"eventBus"}}
{"__type":"$$EventMessageNode","id":"37fed325-4b80-4057-a017-e78ea5245cc1","ts":"2025-07-22T14:50:21.316+00:00","eventName":"n8n.node.finished","message":"n8n.node.finished","payload":{"workflowId":"fPZfsCyAXG0XMedJ","workflowName":"My workflow","executionId":"13","nodeType":"n8n-nodes-base.manualTrigger","nodeName":"When clicking ‘Execute workflow’","nodeId":"19d6d40f-1d60-4922-b22e-43e655db1996"}}
{"__type":"$$EventMessageConfirm","confirm":"37fed325-4b80-4057-a017-e78ea5245cc1","ts":"2025-07-22T14:50:21.316+00:00","source":{"id":"0","name":"eventBus"}}
{"__type":"$$EventMessageNode","id":"a9340af3-41f4-4fcf-813f-6c9757668a27","ts":"2025-07-22T14:50:21.317+00:00","eventName":"n8n.node.started","message":"n8n.node.started","payload":{"workflowId":"fPZfsCyAXG0XMedJ","workflowName":"My workflow","executionId":"13","nodeType":"n8n-nodes-base.googleSheets","nodeName":"Get row(s) in sheet","nodeId":"83ac316a-c7b8-45b0-a259-866b1a6e314e"}}
{"__type":"$$EventMessageConfirm","confirm":"a9340af3-41f4-4fcf-813f-6c9757668a27","ts":"2025-07-22T14:50:21.317+00:00","source":{"id":"0","name":"eventBus"}}
{"__type":"$$EventMessageNode","id":"19c0b243-5045-40da-9b36-a1b7ae7b1d8e","ts":"2025-07-22T14:50:22.582+00:00","eventName":"n8n.node.finished","message":"n8n.node.finished","payload":{"workflowId":"fPZfsCyAXG0XMedJ","workflowName":"My workflow","executionId":"13","nodeType":"n8n-nodes-base.googleSheets","nodeName":"Get row(s) in sheet","nodeId":"83ac316a-c7b8-45b0-a259-866b1a6e314e"}}
{"__type":"$$EventMessageConfirm","confirm":"19c0b243-5045-40da-9b36-a1b7ae7b1d8e","ts":"2025-07-22T14:50:22.583+00:00","source":{"id":"0","name":"eventBus"}}
{"__type":"$$EventMessageWorkflow","id":"dd293328-7188-490d-9a2f-50755b611c62","ts":"2025-07-22T14:50:22.588+00:00","eventName":"n8n.workflow.success","message":"n8n.workflow.success","payload":{"userId":"9ec87157-734a-4436-883e-3675572d86c1","executionId":"13","success":true,"isManual":true,"workflowId":"fPZfsCyAXG0XMedJ","workflowName":"My workflow"}}
{"__type":"$$EventMessageConfirm","confirm":"dd293328-7188-490d-9a2f-50755b611c62","ts":"2025-07-22T14:50:22.588+00:00","source":{"id":"0","name":"eventBus"}}
{"__type":"$$EventMessageWorkflow","id":"3dcbb8f3-d228-4b1f-8788-928bb3cce6d8","ts":"2025-07-22T14:53:41.033+00:00","eventName":"n8n.workflow.started","message":"n8n.workflow.started","payload":{"executionId":"14","workflowId":"fPZfsCyAXG0XMedJ","isManual":false,"workflowName":"My workflow"}}
{"__type":"$$EventMessageConfirm","confirm":"3dcbb8f3-d228-4b1f-8788-928bb3cce6d8","ts":"2025-07-22T14:53:41.033+00:00","source":{"id":"0","name":"eventBus"}}
{"__type":"$$EventMessageNode","id":"6ac2db25-1583-4d70-a3c2-3bd4d589d46f","ts":"2025-07-22T14:53:41.033+00:00","eventName":"n8n.node.started","message":"n8n.node.started","payload":{"workflowId":"fPZfsCyAXG0XMedJ","workflowName":"My workflow","executionId":"14","nodeType":"n8n-nodes-base.googleCalendar","nodeName":"Create an event1","nodeId":"e6576cbf-e91a-4f7e-8cc5-9065e45b6cc1"}}
{"__type":"$$EventMessageConfirm","confirm":"6ac2db25-1583-4d70-a3c2-3bd4d589d46f","ts":"2025-07-22T14:53:41.033+00:00","source":{"id":"0","name":"eventBus"}}
{"__type":"$$EventMessageNode","id":"e23b8bf5-7cce-4072-a83d-93d859cfd47c","ts":"2025-07-22T10:53:41.343-04:00","eventName":"n8n.node.finished","message":"n8n.node.finished","payload":{"workflowId":"fPZfsCyAXG0XMedJ","workflowName":"My workflow","executionId":"14","nodeType":"n8n-nodes-base.googleCalendar","nodeName":"Create an event1","nodeId":"e6576cbf-e91a-4f7e-8cc5-9065e45b6cc1"}}
{"__type":"$$EventMessageConfirm","confirm":"e23b8bf5-7cce-4072-a83d-93d859cfd47c","ts":"2025-07-22T10:53:41.343-04:00","source":{"id":"0","name":"eventBus"}}
{"__type":"$$EventMessageWorkflow","id":"4f07105d-f2c7-4424-a17b-d323aec843fc","ts":"2025-07-22T10:53:41.347-04:00","eventName":"n8n.workflow.failed","message":"n8n.workflow.failed","payload":{"userId":"9ec87157-734a-4436-883e-3675572d86c1","executionId":"14","success":false,"isManual":true,"workflowId":"fPZfsCyAXG0XMedJ","workflowName":"My workflow","lastNodeExecuted":"Create an event1","errorNodeType":"n8n-nodes-base.googleCalendar","errorMessage":"Bad request - please check your parameters"}}
{"__type":"$$EventMessageConfirm","confirm":"4f07105d-f2c7-4424-a17b-d323aec843fc","ts":"2025-07-22T10:53:41.348-04:00","source":{"id":"0","name":"eventBus"}}
{"__type":"$$EventMessageWorkflow","id":"241548e1-b583-4470-95d4-069b57a78082","ts":"2025-07-22T10:54:08.563-04:00","eventName":"n8n.workflow.started","message":"n8n.workflow.started","payload":{"executionId":"15","workflowId":"fPZfsCyAXG0XMedJ","isManual":false,"workflowName":"My workflow"}}
{"__type":"$$EventMessageConfirm","confirm":"241548e1-b583-4470-95d4-069b57a78082","ts":"2025-07-22T10:54:08.563-04:00","source":{"id":"0","name":"eventBus"}}
{"__type":"$$EventMessageNode","id":"f21d4f3a-519f-4cfb-9b8a-74d345a5ca25","ts":"2025-07-22T10:54:08.563-04:00","eventName":"n8n.node.started","message":"n8n.node.started","payload":{"workflowId":"fPZfsCyAXG0XMedJ","workflowName":"My workflow","executionId":"15","nodeType":"n8n-nodes-base.googleCalendar","nodeName":"Create an event1","nodeId":"e6576cbf-e91a-4f7e-8cc5-9065e45b6cc1"}}
{"__type":"$$EventMessageConfirm","confirm":"f21d4f3a-519f-4cfb-9b8a-74d345a5ca25","ts":"2025-07-22T10:54:08.563-04:00","source":{"id":"0","name":"eventBus"}}
{"__type":"$$EventMessageNode","id":"a566d241-fc06-4a20-81c8-484a86ea0bc0","ts":"2025-07-22T10:54:08.813-04:00","eventName":"n8n.node.finished","message":"n8n.node.finished","payload":{"workflowId":"fPZfsCyAXG0XMedJ","workflowName":"My workflow","executionId":"15","nodeType":"n8n-nodes-base.googleCalendar","nodeName":"Create an event1","nodeId":"e6576cbf-e91a-4f7e-8cc5-9065e45b6cc1"}}
{"__type":"$$EventMessageConfirm","confirm":"a566d241-fc06-4a20-81c8-484a86ea0bc0","ts":"2025-07-22T10:54:08.813-04:00","source":{"id":"0","name":"eventBus"}}
{"__type":"$$EventMessageWorkflow","id":"39ca8141-99f8-4d29-8def-3bee5168c846","ts":"2025-07-22T10:54:08.817-04:00","eventName":"n8n.workflow.failed","message":"n8n.workflow.failed","payload":{"userId":"9ec87157-734a-4436-883e-3675572d86c1","executionId":"15","success":false,"isManual":true,"workflowId":"fPZfsCyAXG0XMedJ","workflowName":"My workflow","lastNodeExecuted":"Create an event1","errorNodeType":"n8n-nodes-base.googleCalendar","errorMessage":"Bad request - please check your parameters"}}
{"__type":"$$EventMessageConfirm","confirm":"39ca8141-99f8-4d29-8def-3bee5168c846","ts":"2025-07-22T10:54:08.817-04:00","source":{"id":"0","name":"eventBus"}}
{"__type":"$$EventMessageWorkflow","id":"2f61c136-123c-4923-bc1f-ccb5099fa840","ts":"2025-07-22T10:55:59.947-04:00","eventName":"n8n.workflow.started","message":"n8n.workflow.started","payload":{"executionId":"16","workflowId":"fPZfsCyAXG0XMedJ","isManual":false,"workflowName":"My workflow"}}
{"__type":"$$EventMessageConfirm","confirm":"2f61c136-123c-4923-bc1f-ccb5099fa840","ts":"2025-07-22T10:55:59.948-04:00","source":{"id":"0","name":"eventBus"}}
{"__type":"$$EventMessageNode","id":"8037a6af-8b54-4548-8ff1-b183b47ac913","ts":"2025-07-22T10:55:59.948-04:00","eventName":"n8n.node.started","message":"n8n.node.started","payload":{"workflowId":"fPZfsCyAXG0XMedJ","workflowName":"My workflow","executionId":"16","nodeType":"n8n-nodes-base.googleCalendar","nodeName":"Create an event1","nodeId":"e6576cbf-e91a-4f7e-8cc5-9065e45b6cc1"}}
{"__type":"$$EventMessageConfirm","confirm":"8037a6af-8b54-4548-8ff1-b183b47ac913","ts":"2025-07-22T10:55:59.948-04:00","source":{"id":"0","name":"eventBus"}}
{"__type":"$$EventMessageNode","id":"e9d3f24a-ae18-4918-bafb-161fc3318cc6","ts":"2025-07-22T10:56:01.129-04:00","eventName":"n8n.node.finished","message":"n8n.node.finished","payload":{"workflowId":"fPZfsCyAXG0XMedJ","workflowName":"My workflow","executionId":"16","nodeType":"n8n-nodes-base.googleCalendar","nodeName":"Create an event1","nodeId":"e6576cbf-e91a-4f7e-8cc5-9065e45b6cc1"}}
{"__type":"$$EventMessageConfirm","confirm":"e9d3f24a-ae18-4918-bafb-161fc3318cc6","ts":"2025-07-22T10:56:01.129-04:00","source":{"id":"0","name":"eventBus"}}
{"__type":"$$EventMessageWorkflow","id":"256f5f13-1a39-4fcf-8440-8f3142e16cfb","ts":"2025-07-22T10:56:01.132-04:00","eventName":"n8n.workflow.success","message":"n8n.workflow.success","payload":{"userId":"9ec87157-734a-4436-883e-3675572d86c1","executionId":"16","success":true,"isManual":true,"workflowId":"fPZfsCyAXG0XMedJ","workflowName":"My workflow"}}
{"__type":"$$EventMessageConfirm","confirm":"256f5f13-1a39-4fcf-8440-8f3142e16cfb","ts":"2025-07-22T10:56:01.132-04:00","source":{"id":"0","name":"eventBus"}}
{"__type":"$$EventMessageAudit","id":"0029e111-8c46-4e6c-ba81-eae6a6f8b323","ts":"2025-07-22T11:55:33.896-04:00","eventName":"n8n.audit.user.credentials.created","message":"n8n.audit.user.credentials.created","payload":{"userId":"9ec87157-734a-4436-883e-3675572d86c1","_email":"rouabenyahia500@gmail.com","_firstName":"Roua","_lastName":"Ben Yahia","globalRole":"global:owner","credentialType":"slackOAuth2Api","credentialId":"rhXOUzWAdK7QsVic","publicApi":false,"projectId":"BBgbggRWL95VNAOL","projectType":"personal"}}
{"__type":"$$EventMessageConfirm","confirm":"0029e111-8c46-4e6c-ba81-eae6a6f8b323","ts":"2025-07-22T11:55:33.897-04:00","source":{"id":"0","name":"eventBus"}}
{"__type":"$$EventMessageAudit","id":"2b5bfd04-9528-4c20-9775-ca27d36425bc","ts":"2025-07-22T11:55:58.319-04:00","eventName":"n8n.audit.user.credentials.updated","message":"n8n.audit.user.credentials.updated","payload":{"userId":"9ec87157-734a-4436-883e-3675572d86c1","_email":"rouabenyahia500@gmail.com","_firstName":"Roua","_lastName":"Ben Yahia","globalRole":"global:owner","credentialType":"slackOAuth2Api","credentialId":"rhXOUzWAdK7QsVic"}}
{"__type":"$$EventMessageConfirm","confirm":"2b5bfd04-9528-4c20-9775-ca27d36425bc","ts":"2025-07-22T11:55:58.319-04:00","source":{"id":"0","name":"eventBus"}}
{"__type":"$$EventMessageAudit","id":"c8bf39b2-09a2-479d-9dfa-7fc59cb1e429","ts":"2025-07-22T11:56:51.477-04:00","eventName":"n8n.audit.user.credentials.updated","message":"n8n.audit.user.credentials.updated","payload":{"userId":"9ec87157-734a-4436-883e-3675572d86c1","_email":"rouabenyahia500@gmail.com","_firstName":"Roua","_lastName":"Ben Yahia","globalRole":"global:owner","credentialType":"slackOAuth2Api","credentialId":"rhXOUzWAdK7QsVic"}}
{"__type":"$$EventMessageConfirm","confirm":"c8bf39b2-09a2-479d-9dfa-7fc59cb1e429","ts":"2025-07-22T11:56:51.477-04:00","source":{"id":"0","name":"eventBus"}}
{"__type":"$$EventMessageAudit","id":"708f7329-762f-4c79-94b9-0cedeaf07b03","ts":"2025-07-22T12:06:43.106-04:00","eventName":"n8n.audit.user.credentials.updated","message":"n8n.audit.user.credentials.updated","payload":{"userId":"9ec87157-734a-4436-883e-3675572d86c1","_email":"rouabenyahia500@gmail.com","_firstName":"Roua","_lastName":"Ben Yahia","globalRole":"global:owner","credentialType":"slackOAuth2Api","credentialId":"rhXOUzWAdK7QsVic"}}
{"__type":"$$EventMessageConfirm","confirm":"708f7329-762f-4c79-94b9-0cedeaf07b03","ts":"2025-07-22T12:06:43.106-04:00","source":{"id":"0","name":"eventBus"}}
{"__type":"$$EventMessageAudit","id":"c341d7b4-d403-4422-933f-9f47e50531e6","ts":"2025-07-22T12:07:10.405-04:00","eventName":"n8n.audit.user.credentials.created","message":"n8n.audit.user.credentials.created","payload":{"userId":"9ec87157-734a-4436-883e-3675572d86c1","_email":"rouabenyahia500@gmail.com","_firstName":"Roua","_lastName":"Ben Yahia","globalRole":"global:owner","credentialType":"slackApi","credentialId":"ybz5HcBJ0Wg21OXc","publicApi":false,"projectId":"BBgbggRWL95VNAOL","projectType":"personal"}}
{"__type":"$$EventMessageConfirm","confirm":"c341d7b4-d403-4422-933f-9f47e50531e6","ts":"2025-07-22T12:07:10.405-04:00","source":{"id":"0","name":"eventBus"}}
{"__type":"$$EventMessageWorkflow","id":"a53767cb-78b6-44ff-87de-8ab73b2231ec","ts":"2025-07-22T12:11:41.271-04:00","eventName":"n8n.workflow.failed","message":"n8n.workflow.failed","payload":{"userId":"9ec87157-734a-4436-883e-3675572d86c1","executionId":"17","success":false,"isManual":true,"workflowId":"fPZfsCyAXG0XMedJ","workflowName":"My workflow","errorMessage":"The workflow has issues and cannot be executed for that reason. Please fix them first."}}
{"__type":"$$EventMessageConfirm","confirm":"a53767cb-78b6-44ff-87de-8ab73b2231ec","ts":"2025-07-22T12:11:41.271-04:00","source":{"id":"0","name":"eventBus"}}
{"__type":"$$EventMessageWorkflow","id":"1514937c-9802-4e00-b654-f22b49c51a74","ts":"2025-07-22T12:12:34.270-04:00","eventName":"n8n.workflow.failed","message":"n8n.workflow.failed","payload":{"userId":"9ec87157-734a-4436-883e-3675572d86c1","executionId":"18","success":false,"isManual":true,"workflowId":"fPZfsCyAXG0XMedJ","workflowName":"My workflow","errorMessage":"The workflow has issues and cannot be executed for that reason. Please fix them first."}}
{"__type":"$$EventMessageConfirm","confirm":"1514937c-9802-4e00-b654-f22b49c51a74","ts":"2025-07-22T12:12:34.270-04:00","source":{"id":"0","name":"eventBus"}}
{"__type":"$$EventMessageWorkflow","id":"f9da3302-9d7e-4982-a469-babd23133673","ts":"2025-07-22T12:12:43.152-04:00","eventName":"n8n.workflow.failed","message":"n8n.workflow.failed","payload":{"userId":"9ec87157-734a-4436-883e-3675572d86c1","executionId":"19","success":false,"isManual":true,"workflowId":"fPZfsCyAXG0XMedJ","workflowName":"My workflow","errorMessage":"The workflow has issues and cannot be executed for that reason. Please fix them first."}}
{"__type":"$$EventMessageConfirm","confirm":"f9da3302-9d7e-4982-a469-babd23133673","ts":"2025-07-22T12:12:43.153-04:00","source":{"id":"0","name":"eventBus"}}
{"__type":"$$EventMessageWorkflow","id":"0ea27cd7-4e25-4fa3-a861-029cb5321a1d","ts":"2025-07-22T12:12:44.989-04:00","eventName":"n8n.workflow.failed","message":"n8n.workflow.failed","payload":{"userId":"9ec87157-734a-4436-883e-3675572d86c1","executionId":"20","success":false,"isManual":true,"workflowId":"fPZfsCyAXG0XMedJ","workflowName":"My workflow","errorMessage":"The workflow has issues and cannot be executed for that reason. Please fix them first."}}
{"__type":"$$EventMessageConfirm","confirm":"0ea27cd7-4e25-4fa3-a861-029cb5321a1d","ts":"2025-07-22T12:12:44.989-04:00","source":{"id":"0","name":"eventBus"}}
{"__type":"$$EventMessageWorkflow","id":"38665b76-ee2f-474a-8643-4fb4119863e9","ts":"2025-07-22T12:12:46.778-04:00","eventName":"n8n.workflow.started","message":"n8n.workflow.started","payload":{"executionId":"21","workflowId":"fPZfsCyAXG0XMedJ","isManual":false,"workflowName":"My workflow"}}
{"__type":"$$EventMessageConfirm","confirm":"38665b76-ee2f-474a-8643-4fb4119863e9","ts":"2025-07-22T12:12:46.778-04:00","source":{"id":"0","name":"eventBus"}}
{"__type":"$$EventMessageNode","id":"c93935ca-bb8c-4a93-8418-8821d5afe917","ts":"2025-07-22T12:12:46.779-04:00","eventName":"n8n.node.started","message":"n8n.node.started","payload":{"workflowId":"fPZfsCyAXG0XMedJ","workflowName":"My workflow","executionId":"21","nodeType":"n8n-nodes-base.manualTrigger","nodeName":"When clicking ‘Execute workflow’","nodeId":"19d6d40f-1d60-4922-b22e-43e655db1996"}}
{"__type":"$$EventMessageConfirm","confirm":"c93935ca-bb8c-4a93-8418-8821d5afe917","ts":"2025-07-22T12:12:46.779-04:00","source":{"id":"0","name":"eventBus"}}
{"__type":"$$EventMessageNode","id":"1376220c-e1cf-4009-b965-f772fea5baf3","ts":"2025-07-22T12:12:46.781-04:00","eventName":"n8n.node.finished","message":"n8n.node.finished","payload":{"workflowId":"fPZfsCyAXG0XMedJ","workflowName":"My workflow","executionId":"21","nodeType":"n8n-nodes-base.manualTrigger","nodeName":"When clicking ‘Execute workflow’","nodeId":"19d6d40f-1d60-4922-b22e-43e655db1996"}}
{"__type":"$$EventMessageConfirm","confirm":"1376220c-e1cf-4009-b965-f772fea5baf3","ts":"2025-07-22T12:12:46.781-04:00","source":{"id":"0","name":"eventBus"}}
{"__type":"$$EventMessageNode","id":"280c7d8f-b97f-427d-a1a9-6e850631ffef","ts":"2025-07-22T12:12:46.782-04:00","eventName":"n8n.node.started","message":"n8n.node.started","payload":{"workflowId":"fPZfsCyAXG0XMedJ","workflowName":"My workflow","executionId":"21","nodeType":"n8n-nodes-base.googleSheets","nodeName":"Get row(s) in sheet","nodeId":"83ac316a-c7b8-45b0-a259-866b1a6e314e"}}
{"__type":"$$EventMessageConfirm","confirm":"280c7d8f-b97f-427d-a1a9-6e850631ffef","ts":"2025-07-22T12:12:46.782-04:00","source":{"id":"0","name":"eventBus"}}
{"__type":"$$EventMessageNode","id":"c29b9d09-4d1d-4bd9-aba9-1a9c77ba3699","ts":"2025-07-22T12:12:48.767-04:00","eventName":"n8n.node.finished","message":"n8n.node.finished","payload":{"workflowId":"fPZfsCyAXG0XMedJ","workflowName":"My workflow","executionId":"21","nodeType":"n8n-nodes-base.googleSheets","nodeName":"Get row(s) in sheet","nodeId":"83ac316a-c7b8-45b0-a259-866b1a6e314e"}}
{"__type":"$$EventMessageConfirm","confirm":"c29b9d09-4d1d-4bd9-aba9-1a9c77ba3699","ts":"2025-07-22T12:12:48.767-04:00","source":{"id":"0","name":"eventBus"}}
{"__type":"$$EventMessageWorkflow","id":"dd2ce15d-4feb-49f8-a729-e6b3a0c4d0ab","ts":"2025-07-22T12:12:48.770-04:00","eventName":"n8n.workflow.success","message":"n8n.workflow.success","payload":{"userId":"9ec87157-734a-4436-883e-3675572d86c1","executionId":"21","success":true,"isManual":true,"workflowId":"fPZfsCyAXG0XMedJ","workflowName":"My workflow"}}
{"__type":"$$EventMessageConfirm","confirm":"dd2ce15d-4feb-49f8-a729-e6b3a0c4d0ab","ts":"2025-07-22T12:12:48.770-04:00","source":{"id":"0","name":"eventBus"}}
{"__type":"$$EventMessageWorkflow","id":"036e6195-ab45-4daa-a21d-7997b64c5004","ts":"2025-07-22T12:16:55.011-04:00","eventName":"n8n.workflow.started","message":"n8n.workflow.started","payload":{"executionId":"22","workflowId":"fPZfsCyAXG0XMedJ","isManual":false,"workflowName":"My workflow"}}
{"__type":"$$EventMessageConfirm","confirm":"036e6195-ab45-4daa-a21d-7997b64c5004","ts":"2025-07-22T12:16:55.011-04:00","source":{"id":"0","name":"eventBus"}}
{"__type":"$$EventMessageNode","id":"37933174-e45f-4d53-ace3-398bd735837d","ts":"2025-07-22T12:16:55.012-04:00","eventName":"n8n.node.started","message":"n8n.node.started","payload":{"workflowId":"fPZfsCyAXG0XMedJ","workflowName":"My workflow","executionId":"22","nodeType":"n8n-nodes-base.slack","nodeName":"Send a message","nodeId":"e7cb7d80-6893-48a9-acf6-3bcc7659c2e1"}}
{"__type":"$$EventMessageConfirm","confirm":"37933174-e45f-4d53-ace3-398bd735837d","ts":"2025-07-22T12:16:55.012-04:00","source":{"id":"0","name":"eventBus"}}
{"__type":"$$EventMessageNode","id":"04dceafa-981a-4e82-b713-d3303fa3a660","ts":"2025-07-22T12:16:55.275-04:00","eventName":"n8n.node.finished","message":"n8n.node.finished","payload":{"workflowId":"fPZfsCyAXG0XMedJ","workflowName":"My workflow","executionId":"22","nodeType":"n8n-nodes-base.slack","nodeName":"Send a message","nodeId":"e7cb7d80-6893-48a9-acf6-3bcc7659c2e1"}}
{"__type":"$$EventMessageConfirm","confirm":"04dceafa-981a-4e82-b713-d3303fa3a660","ts":"2025-07-22T12:16:55.275-04:00","source":{"id":"0","name":"eventBus"}}
{"__type":"$$EventMessageWorkflow","id":"10b85911-f25e-4aa2-aed6-bb5f8f1dbcba","ts":"2025-07-22T12:16:55.280-04:00","eventName":"n8n.workflow.failed","message":"n8n.workflow.failed","payload":{"userId":"9ec87157-734a-4436-883e-3675572d86c1","executionId":"22","success":false,"isManual":true,"workflowId":"fPZfsCyAXG0XMedJ","workflowName":"My workflow","lastNodeExecuted":"Send a message","errorNodeType":"n8n-nodes-base.slack","errorMessage":"Slack error response: \"not_in_channel\""}}
{"__type":"$$EventMessageConfirm","confirm":"10b85911-f25e-4aa2-aed6-bb5f8f1dbcba","ts":"2025-07-22T12:16:55.280-04:00","source":{"id":"0","name":"eventBus"}}
{"__type":"$$EventMessageWorkflow","id":"453f592e-5785-4e20-accb-8d43d5cc7ba4","ts":"2025-07-22T12:17:40.070-04:00","eventName":"n8n.workflow.started","message":"n8n.workflow.started","payload":{"executionId":"23","workflowId":"fPZfsCyAXG0XMedJ","isManual":false,"workflowName":"My workflow"}}
{"__type":"$$EventMessageConfirm","confirm":"453f592e-5785-4e20-accb-8d43d5cc7ba4","ts":"2025-07-22T12:17:40.071-04:00","source":{"id":"0","name":"eventBus"}}
{"__type":"$$EventMessageNode","id":"efc4d232-a0a6-46d3-8722-d7309937915a","ts":"2025-07-22T12:17:40.071-04:00","eventName":"n8n.node.started","message":"n8n.node.started","payload":{"workflowId":"fPZfsCyAXG0XMedJ","workflowName":"My workflow","executionId":"23","nodeType":"n8n-nodes-base.slack","nodeName":"Send a message","nodeId":"e7cb7d80-6893-48a9-acf6-3bcc7659c2e1"}}
{"__type":"$$EventMessageConfirm","confirm":"efc4d232-a0a6-46d3-8722-d7309937915a","ts":"2025-07-22T12:17:40.072-04:00","source":{"id":"0","name":"eventBus"}}
{"__type":"$$EventMessageNode","id":"23e8243f-6d9e-4825-a038-3b8432a67911","ts":"2025-07-22T12:17:40.290-04:00","eventName":"n8n.node.finished","message":"n8n.node.finished","payload":{"workflowId":"fPZfsCyAXG0XMedJ","workflowName":"My workflow","executionId":"23","nodeType":"n8n-nodes-base.slack","nodeName":"Send a message","nodeId":"e7cb7d80-6893-48a9-acf6-3bcc7659c2e1"}}
{"__type":"$$EventMessageConfirm","confirm":"23e8243f-6d9e-4825-a038-3b8432a67911","ts":"2025-07-22T12:17:40.290-04:00","source":{"id":"0","name":"eventBus"}}
{"__type":"$$EventMessageWorkflow","id":"d3e43be7-7e08-4144-87da-82d40e0da4bb","ts":"2025-07-22T12:17:40.293-04:00","eventName":"n8n.workflow.failed","message":"n8n.workflow.failed","payload":{"userId":"9ec87157-734a-4436-883e-3675572d86c1","executionId":"23","success":false,"isManual":true,"workflowId":"fPZfsCyAXG0XMedJ","workflowName":"My workflow","lastNodeExecuted":"Send a message","errorNodeType":"n8n-nodes-base.slack","errorMessage":"Slack error response: \"not_in_channel\""}}
{"__type":"$$EventMessageConfirm","confirm":"d3e43be7-7e08-4144-87da-82d40e0da4bb","ts":"2025-07-22T12:17:40.293-04:00","source":{"id":"0","name":"eventBus"}}
{"__type":"$$EventMessageAudit","id":"cccb7b88-5ea5-4695-8c5a-246a476eaf0e","ts":"2025-07-22T12:18:45.961-04:00","eventName":"n8n.audit.workflow.updated","message":"n8n.audit.workflow.updated","payload":{"userId":"9ec87157-734a-4436-883e-3675572d86c1","_email":"rouabenyahia500@gmail.com","_firstName":"Roua","_lastName":"Ben Yahia","globalRole":"global:owner","workflowId":"fPZfsCyAXG0XMedJ","workflowName":"My workflow"}}
{"__type":"$$EventMessageConfirm","confirm":"cccb7b88-5ea5-4695-8c5a-246a476eaf0e","ts":"2025-07-22T12:18:45.961-04:00","source":{"id":"0","name":"eventBus"}}
{"__type":"$$EventMessageWorkflow","id":"a4e3f844-79e9-49dc-97fd-305ade98b8ea","ts":"2025-07-22T12:18:48.447-04:00","eventName":"n8n.workflow.started","message":"n8n.workflow.started","payload":{"executionId":"24","workflowId":"fPZfsCyAXG0XMedJ","isManual":false,"workflowName":"My workflow"}}
{"__type":"$$EventMessageConfirm","confirm":"a4e3f844-79e9-49dc-97fd-305ade98b8ea","ts":"2025-07-22T12:18:48.448-04:00","source":{"id":"0","name":"eventBus"}}
{"__type":"$$EventMessageNode","id":"0449018e-36fa-4913-a00d-cf90c2c4022c","ts":"2025-07-22T12:18:48.448-04:00","eventName":"n8n.node.started","message":"n8n.node.started","payload":{"workflowId":"fPZfsCyAXG0XMedJ","workflowName":"My workflow","executionId":"24","nodeType":"n8n-nodes-base.slack","nodeName":"Send a message","nodeId":"e7cb7d80-6893-48a9-acf6-3bcc7659c2e1"}}
{"__type":"$$EventMessageConfirm","confirm":"0449018e-36fa-4913-a00d-cf90c2c4022c","ts":"2025-07-22T12:18:48.448-04:00","source":{"id":"0","name":"eventBus"}}
{"__type":"$$EventMessageNode","id":"e28b93b3-227a-4009-9ef6-692e924ebc40","ts":"2025-07-22T12:18:48.677-04:00","eventName":"n8n.node.finished","message":"n8n.node.finished","payload":{"workflowId":"fPZfsCyAXG0XMedJ","workflowName":"My workflow","executionId":"24","nodeType":"n8n-nodes-base.slack","nodeName":"Send a message","nodeId":"e7cb7d80-6893-48a9-acf6-3bcc7659c2e1"}}
{"__type":"$$EventMessageConfirm","confirm":"e28b93b3-227a-4009-9ef6-692e924ebc40","ts":"2025-07-22T12:18:48.677-04:00","source":{"id":"0","name":"eventBus"}}
{"__type":"$$EventMessageWorkflow","id":"7c20aa55-ceb5-4f05-bea5-f336667809fe","ts":"2025-07-22T12:18:48.680-04:00","eventName":"n8n.workflow.failed","message":"n8n.workflow.failed","payload":{"userId":"9ec87157-734a-4436-883e-3675572d86c1","executionId":"24","success":false,"isManual":true,"workflowId":"fPZfsCyAXG0XMedJ","workflowName":"My workflow","lastNodeExecuted":"Send a message","errorNodeType":"n8n-nodes-base.slack","errorMessage":"Slack error response: \"not_in_channel\""}}
{"__type":"$$EventMessageConfirm","confirm":"7c20aa55-ceb5-4f05-bea5-f336667809fe","ts":"2025-07-22T12:18:48.681-04:00","source":{"id":"0","name":"eventBus"}}
{"__type":"$$EventMessageWorkflow","id":"248b5eb4-a8e1-436d-9a59-38ed3337a06a","ts":"2025-07-22T12:20:22.886-04:00","eventName":"n8n.workflow.failed","message":"n8n.workflow.failed","payload":{"userId":"9ec87157-734a-4436-883e-3675572d86c1","executionId":"25","success":false,"isManual":true,"workflowId":"fPZfsCyAXG0XMedJ","workflowName":"My workflow","errorMessage":"The workflow has issues and cannot be executed for that reason. Please fix them first."}}
{"__type":"$$EventMessageConfirm","confirm":"248b5eb4-a8e1-436d-9a59-38ed3337a06a","ts":"2025-07-22T12:20:22.886-04:00","source":{"id":"0","name":"eventBus"}}
{"__type":"$$EventMessageWorkflow","id":"c60480a3-015c-4794-b8e1-3ebd7a14b5d3","ts":"2025-07-22T12:20:25.889-04:00","eventName":"n8n.workflow.failed","message":"n8n.workflow.failed","payload":{"userId":"9ec87157-734a-4436-883e-3675572d86c1","executionId":"26","success":false,"isManual":true,"workflowId":"fPZfsCyAXG0XMedJ","workflowName":"My workflow","errorMessage":"The workflow has issues and cannot be executed for that reason. Please fix them first."}}
{"__type":"$$EventMessageConfirm","confirm":"c60480a3-015c-4794-b8e1-3ebd7a14b5d3","ts":"2025-07-22T12:20:25.890-04:00","source":{"id":"0","name":"eventBus"}}
{"__type":"$$EventMessageWorkflow","id":"a3ae9cc6-ffe7-47c4-8e65-e505f95e14b7","ts":"2025-07-22T12:20:29.169-04:00","eventName":"n8n.workflow.failed","message":"n8n.workflow.failed","payload":{"userId":"9ec87157-734a-4436-883e-3675572d86c1","executionId":"27","success":false,"isManual":true,"workflowId":"fPZfsCyAXG0XMedJ","workflowName":"My workflow","errorMessage":"The workflow has issues and cannot be executed for that reason. Please fix them first."}}
{"__type":"$$EventMessageConfirm","confirm":"a3ae9cc6-ffe7-47c4-8e65-e505f95e14b7","ts":"2025-07-22T12:20:29.169-04:00","source":{"id":"0","name":"eventBus"}}
{"__type":"$$EventMessageWorkflow","id":"608dcd16-189e-4bc2-a404-b269f4a067a7","ts":"2025-07-22T12:20:31.260-04:00","eventName":"n8n.workflow.started","message":"n8n.workflow.started","payload":{"executionId":"28","workflowId":"fPZfsCyAXG0XMedJ","isManual":false,"workflowName":"My workflow"}}
{"__type":"$$EventMessageConfirm","confirm":"608dcd16-189e-4bc2-a404-b269f4a067a7","ts":"2025-07-22T12:20:31.260-04:00","source":{"id":"0","name":"eventBus"}}
{"__type":"$$EventMessageNode","id":"29b03f2c-af26-4b77-8ad6-48839ff181c8","ts":"2025-07-22T12:20:31.262-04:00","eventName":"n8n.node.started","message":"n8n.node.started","payload":{"workflowId":"fPZfsCyAXG0XMedJ","workflowName":"My workflow","executionId":"28","nodeType":"n8n-nodes-base.manualTrigger","nodeName":"When clicking ‘Execute workflow’","nodeId":"19d6d40f-1d60-4922-b22e-43e655db1996"}}
{"__type":"$$EventMessageConfirm","confirm":"29b03f2c-af26-4b77-8ad6-48839ff181c8","ts":"2025-07-22T12:20:31.262-04:00","source":{"id":"0","name":"eventBus"}}
{"__type":"$$EventMessageNode","id":"a2aefef6-3a00-475c-950f-9a37273433fd","ts":"2025-07-22T12:20:31.264-04:00","eventName":"n8n.node.finished","message":"n8n.node.finished","payload":{"workflowId":"fPZfsCyAXG0XMedJ","workflowName":"My workflow","executionId":"28","nodeType":"n8n-nodes-base.manualTrigger","nodeName":"When clicking ‘Execute workflow’","nodeId":"19d6d40f-1d60-4922-b22e-43e655db1996"}}
{"__type":"$$EventMessageConfirm","confirm":"a2aefef6-3a00-475c-950f-9a37273433fd","ts":"2025-07-22T12:20:31.264-04:00","source":{"id":"0","name":"eventBus"}}
{"__type":"$$EventMessageNode","id":"6c49a3d2-9575-446d-a172-4091721f751e","ts":"2025-07-22T12:20:31.264-04:00","eventName":"n8n.node.started","message":"n8n.node.started","payload":{"workflowId":"fPZfsCyAXG0XMedJ","workflowName":"My workflow","executionId":"28","nodeType":"n8n-nodes-base.googleSheets","nodeName":"Get row(s) in sheet","nodeId":"83ac316a-c7b8-45b0-a259-866b1a6e314e"}}
{"__type":"$$EventMessageConfirm","confirm":"6c49a3d2-9575-446d-a172-4091721f751e","ts":"2025-07-22T12:20:31.264-04:00","source":{"id":"0","name":"eventBus"}}
{"__type":"$$EventMessageNode","id":"16e17dc9-dc94-45d1-be55-87107a1c3a5e","ts":"2025-07-22T12:20:33.105-04:00","eventName":"n8n.node.finished","message":"n8n.node.finished","payload":{"workflowId":"fPZfsCyAXG0XMedJ","workflowName":"My workflow","executionId":"28","nodeType":"n8n-nodes-base.googleSheets","nodeName":"Get row(s) in sheet","nodeId":"83ac316a-c7b8-45b0-a259-866b1a6e314e"}}
{"__type":"$$EventMessageConfirm","confirm":"16e17dc9-dc94-45d1-be55-87107a1c3a5e","ts":"2025-07-22T12:20:33.105-04:00","source":{"id":"0","name":"eventBus"}}
{"__type":"$$EventMessageWorkflow","id":"ec2e98c7-417c-49d2-b4d4-9c9501b33fe2","ts":"2025-07-22T12:20:33.108-04:00","eventName":"n8n.workflow.success","message":"n8n.workflow.success","payload":{"userId":"9ec87157-734a-4436-883e-3675572d86c1","executionId":"28","success":true,"isManual":true,"workflowId":"fPZfsCyAXG0XMedJ","workflowName":"My workflow"}}
{"__type":"$$EventMessageConfirm","confirm":"ec2e98c7-417c-49d2-b4d4-9c9501b33fe2","ts":"2025-07-22T12:20:33.108-04:00","source":{"id":"0","name":"eventBus"}}
{"__type":"$$EventMessageWorkflow","id":"4efee0f7-2a0f-42c2-9e8c-80671b6262c1","ts":"2025-07-22T12:21:02.221-04:00","eventName":"n8n.workflow.started","message":"n8n.workflow.started","payload":{"executionId":"29","workflowId":"fPZfsCyAXG0XMedJ","isManual":false,"workflowName":"My workflow"}}
{"__type":"$$EventMessageConfirm","confirm":"4efee0f7-2a0f-42c2-9e8c-80671b6262c1","ts":"2025-07-22T12:21:02.221-04:00","source":{"id":"0","name":"eventBus"}}
{"__type":"$$EventMessageNode","id":"043a80d0-7fe6-4e22-9868-eee8b82cef96","ts":"2025-07-22T12:21:02.222-04:00","eventName":"n8n.node.started","message":"n8n.node.started","payload":{"workflowId":"fPZfsCyAXG0XMedJ","workflowName":"My workflow","executionId":"29","nodeType":"n8n-nodes-base.slack","nodeName":"Send a message","nodeId":"e7cb7d80-6893-48a9-acf6-3bcc7659c2e1"}}
{"__type":"$$EventMessageConfirm","confirm":"043a80d0-7fe6-4e22-9868-eee8b82cef96","ts":"2025-07-22T12:21:02.222-04:00","source":{"id":"0","name":"eventBus"}}
{"__type":"$$EventMessageNode","id":"352f0e7c-c680-43d4-babc-d455a1bab9a1","ts":"2025-07-22T12:21:02.458-04:00","eventName":"n8n.node.finished","message":"n8n.node.finished","payload":{"workflowId":"fPZfsCyAXG0XMedJ","workflowName":"My workflow","executionId":"29","nodeType":"n8n-nodes-base.slack","nodeName":"Send a message","nodeId":"e7cb7d80-6893-48a9-acf6-3bcc7659c2e1"}}
{"__type":"$$EventMessageConfirm","confirm":"352f0e7c-c680-43d4-babc-d455a1bab9a1","ts":"2025-07-22T12:21:02.458-04:00","source":{"id":"0","name":"eventBus"}}
{"__type":"$$EventMessageWorkflow","id":"38f3f5fc-2391-4bfb-9fa8-a8507fd966d8","ts":"2025-07-22T12:21:02.461-04:00","eventName":"n8n.workflow.failed","message":"n8n.workflow.failed","payload":{"userId":"9ec87157-734a-4436-883e-3675572d86c1","executionId":"29","success":false,"isManual":true,"workflowId":"fPZfsCyAXG0XMedJ","workflowName":"My workflow","lastNodeExecuted":"Send a message","errorNodeType":"n8n-nodes-base.slack","errorMessage":"Slack error response: \"not_in_channel\""}}
{"__type":"$$EventMessageConfirm","confirm":"38f3f5fc-2391-4bfb-9fa8-a8507fd966d8","ts":"2025-07-22T12:21:02.461-04:00","source":{"id":"0","name":"eventBus"}}
{"__type":"$$EventMessageWorkflow","id":"454276e1-d5b4-412f-8441-98212184b4e5","ts":"2025-07-22T12:21:13.580-04:00","eventName":"n8n.workflow.started","message":"n8n.workflow.started","payload":{"executionId":"30","workflowId":"fPZfsCyAXG0XMedJ","isManual":false,"workflowName":"My workflow"}}
{"__type":"$$EventMessageConfirm","confirm":"454276e1-d5b4-412f-8441-98212184b4e5","ts":"2025-07-22T12:21:13.580-04:00","source":{"id":"0","name":"eventBus"}}
{"__type":"$$EventMessageNode","id":"ecbf0758-56f1-47af-8b30-4a4fc77dca5d","ts":"2025-07-22T12:21:13.580-04:00","eventName":"n8n.node.started","message":"n8n.node.started","payload":{"workflowId":"fPZfsCyAXG0XMedJ","workflowName":"My workflow","executionId":"30","nodeType":"n8n-nodes-base.slack","nodeName":"Send a message","nodeId":"e7cb7d80-6893-48a9-acf6-3bcc7659c2e1"}}
{"__type":"$$EventMessageConfirm","confirm":"ecbf0758-56f1-47af-8b30-4a4fc77dca5d","ts":"2025-07-22T12:21:13.581-04:00","source":{"id":"0","name":"eventBus"}}
{"__type":"$$EventMessageNode","id":"d8fb37dd-869e-4094-b61b-ed11f7da5c72","ts":"2025-07-22T12:21:13.796-04:00","eventName":"n8n.node.finished","message":"n8n.node.finished","payload":{"workflowId":"fPZfsCyAXG0XMedJ","workflowName":"My workflow","executionId":"30","nodeType":"n8n-nodes-base.slack","nodeName":"Send a message","nodeId":"e7cb7d80-6893-48a9-acf6-3bcc7659c2e1"}}
{"__type":"$$EventMessageConfirm","confirm":"d8fb37dd-869e-4094-b61b-ed11f7da5c72","ts":"2025-07-22T12:21:13.796-04:00","source":{"id":"0","name":"eventBus"}}
{"__type":"$$EventMessageWorkflow","id":"a1bd5a64-ee25-4269-a45f-e31f78fafbed","ts":"2025-07-22T12:21:13.800-04:00","eventName":"n8n.workflow.failed","message":"n8n.workflow.failed","payload":{"userId":"9ec87157-734a-4436-883e-3675572d86c1","executionId":"30","success":false,"isManual":true,"workflowId":"fPZfsCyAXG0XMedJ","workflowName":"My workflow","lastNodeExecuted":"Send a message","errorNodeType":"n8n-nodes-base.slack","errorMessage":"Slack error response: \"not_in_channel\""}}
{"__type":"$$EventMessageConfirm","confirm":"a1bd5a64-ee25-4269-a45f-e31f78fafbed","ts":"2025-07-22T12:21:13.800-04:00","source":{"id":"0","name":"eventBus"}}
{"__type":"$$EventMessageWorkflow","id":"a595d5aa-0de7-433d-b798-2b8859a10e03","ts":"2025-07-22T12:24:49.497-04:00","eventName":"n8n.workflow.started","message":"n8n.workflow.started","payload":{"executionId":"31","workflowId":"fPZfsCyAXG0XMedJ","isManual":false,"workflowName":"My workflow"}}
{"__type":"$$EventMessageConfirm","confirm":"a595d5aa-0de7-433d-b798-2b8859a10e03","ts":"2025-07-22T12:24:49.497-04:00","source":{"id":"0","name":"eventBus"}}
{"__type":"$$EventMessageNode","id":"fe83fb0e-c82c-49ee-9342-f8d637d9fae9","ts":"2025-07-22T12:24:49.498-04:00","eventName":"n8n.node.started","message":"n8n.node.started","payload":{"workflowId":"fPZfsCyAXG0XMedJ","workflowName":"My workflow","executionId":"31","nodeType":"n8n-nodes-base.slack","nodeName":"Send a message","nodeId":"e7cb7d80-6893-48a9-acf6-3bcc7659c2e1"}}
{"__type":"$$EventMessageConfirm","confirm":"fe83fb0e-c82c-49ee-9342-f8d637d9fae9","ts":"2025-07-22T12:24:49.498-04:00","source":{"id":"0","name":"eventBus"}}
{"__type":"$$EventMessageNode","id":"f147c8c1-ae05-4a6c-9064-3cf9f0f72db5","ts":"2025-07-22T12:24:49.705-04:00","eventName":"n8n.node.finished","message":"n8n.node.finished","payload":{"workflowId":"fPZfsCyAXG0XMedJ","workflowName":"My workflow","executionId":"31","nodeType":"n8n-nodes-base.slack","nodeName":"Send a message","nodeId":"e7cb7d80-6893-48a9-acf6-3bcc7659c2e1"}}
{"__type":"$$EventMessageConfirm","confirm":"f147c8c1-ae05-4a6c-9064-3cf9f0f72db5","ts":"2025-07-22T12:24:49.705-04:00","source":{"id":"0","name":"eventBus"}}
{"__type":"$$EventMessageWorkflow","id":"4df1b398-5c05-4e8d-a7ca-a6b5a183c1d5","ts":"2025-07-22T12:24:49.708-04:00","eventName":"n8n.workflow.failed","message":"n8n.workflow.failed","payload":{"userId":"9ec87157-734a-4436-883e-3675572d86c1","executionId":"31","success":false,"isManual":true,"workflowId":"fPZfsCyAXG0XMedJ","workflowName":"My workflow","lastNodeExecuted":"Send a message","errorNodeType":"n8n-nodes-base.slack","errorMessage":"Slack error response: \"not_in_channel\""}}
{"__type":"$$EventMessageConfirm","confirm":"4df1b398-5c05-4e8d-a7ca-a6b5a183c1d5","ts":"2025-07-22T12:24:49.708-04:00","source":{"id":"0","name":"eventBus"}}
{"__type":"$$EventMessageWorkflow","id":"b0fe9abf-b273-4bf9-a275-c09a33a6beef","ts":"2025-07-22T12:28:39.488-04:00","eventName":"n8n.workflow.failed","message":"n8n.workflow.failed","payload":{"userId":"9ec87157-734a-4436-883e-3675572d86c1","executionId":"32","success":false,"isManual":true,"workflowId":"fPZfsCyAXG0XMedJ","workflowName":"My workflow","errorMessage":"The workflow has issues and cannot be executed for that reason. Please fix them first."}}
{"__type":"$$EventMessageConfirm","confirm":"b0fe9abf-b273-4bf9-a275-c09a33a6beef","ts":"2025-07-22T12:28:39.488-04:00","source":{"id":"0","name":"eventBus"}}
{"__type":"$$EventMessageWorkflow","id":"39a58765-05e7-423f-983a-d9e6b450c788","ts":"2025-07-22T12:28:44.055-04:00","eventName":"n8n.workflow.failed","message":"n8n.workflow.failed","payload":{"userId":"9ec87157-734a-4436-883e-3675572d86c1","executionId":"33","success":false,"isManual":true,"workflowId":"fPZfsCyAXG0XMedJ","workflowName":"My workflow","errorMessage":"The workflow has issues and cannot be executed for that reason. Please fix them first."}}
{"__type":"$$EventMessageConfirm","confirm":"39a58765-05e7-423f-983a-d9e6b450c788","ts":"2025-07-22T12:28:44.055-04:00","source":{"id":"0","name":"eventBus"}}
{"__type":"$$EventMessageWorkflow","id":"abe24e60-24e2-4d49-b7fe-790289b1f11b","ts":"2025-07-22T12:28:48.749-04:00","eventName":"n8n.workflow.started","message":"n8n.workflow.started","payload":{"executionId":"34","workflowId":"fPZfsCyAXG0XMedJ","isManual":false,"workflowName":"My workflow"}}
{"__type":"$$EventMessageConfirm","confirm":"abe24e60-24e2-4d49-b7fe-790289b1f11b","ts":"2025-07-22T12:28:48.749-04:00","source":{"id":"0","name":"eventBus"}}
{"__type":"$$EventMessageNode","id":"33cf42b8-18e2-40a0-a324-52ae135efa13","ts":"2025-07-22T12:28:48.749-04:00","eventName":"n8n.node.started","message":"n8n.node.started","payload":{"workflowId":"fPZfsCyAXG0XMedJ","workflowName":"My workflow","executionId":"34","nodeType":"n8n-nodes-base.manualTrigger","nodeName":"When clicking ‘Execute workflow’","nodeId":"19d6d40f-1d60-4922-b22e-43e655db1996"}}
{"__type":"$$EventMessageConfirm","confirm":"33cf42b8-18e2-40a0-a324-52ae135efa13","ts":"2025-07-22T12:28:48.749-04:00","source":{"id":"0","name":"eventBus"}}
{"__type":"$$EventMessageNode","id":"8bee7453-35d1-4aab-9762-9eb71c2ddb67","ts":"2025-07-22T12:28:48.750-04:00","eventName":"n8n.node.finished","message":"n8n.node.finished","payload":{"workflowId":"fPZfsCyAXG0XMedJ","workflowName":"My workflow","executionId":"34","nodeType":"n8n-nodes-base.manualTrigger","nodeName":"When clicking ‘Execute workflow’","nodeId":"19d6d40f-1d60-4922-b22e-43e655db1996"}}
{"__type":"$$EventMessageConfirm","confirm":"8bee7453-35d1-4aab-9762-9eb71c2ddb67","ts":"2025-07-22T12:28:48.750-04:00","source":{"id":"0","name":"eventBus"}}
{"__type":"$$EventMessageNode","id":"44f5b31f-bd4c-4371-99d9-2f680e1dae09","ts":"2025-07-22T12:28:48.751-04:00","eventName":"n8n.node.started","message":"n8n.node.started","payload":{"workflowId":"fPZfsCyAXG0XMedJ","workflowName":"My workflow","executionId":"34","nodeType":"n8n-nodes-base.googleSheets","nodeName":"Get row(s) in sheet","nodeId":"83ac316a-c7b8-45b0-a259-866b1a6e314e"}}
{"__type":"$$EventMessageConfirm","confirm":"44f5b31f-bd4c-4371-99d9-2f680e1dae09","ts":"2025-07-22T12:28:48.751-04:00","source":{"id":"0","name":"eventBus"}}
{"__type":"$$EventMessageNode","id":"4934a736-fa44-4df3-b8fa-b3adc4183212","ts":"2025-07-22T12:28:50.025-04:00","eventName":"n8n.node.finished","message":"n8n.node.finished","payload":{"workflowId":"fPZfsCyAXG0XMedJ","workflowName":"My workflow","executionId":"34","nodeType":"n8n-nodes-base.googleSheets","nodeName":"Get row(s) in sheet","nodeId":"83ac316a-c7b8-45b0-a259-866b1a6e314e"}}
{"__type":"$$EventMessageConfirm","confirm":"4934a736-fa44-4df3-b8fa-b3adc4183212","ts":"2025-07-22T12:28:50.025-04:00","source":{"id":"0","name":"eventBus"}}
{"__type":"$$EventMessageWorkflow","id":"bf59bb20-c841-427f-9c67-b9cc29caea9b","ts":"2025-07-22T12:28:50.029-04:00","eventName":"n8n.workflow.success","message":"n8n.workflow.success","payload":{"userId":"9ec87157-734a-4436-883e-3675572d86c1","executionId":"34","success":true,"isManual":true,"workflowId":"fPZfsCyAXG0XMedJ","workflowName":"My workflow"}}
{"__type":"$$EventMessageConfirm","confirm":"bf59bb20-c841-427f-9c67-b9cc29caea9b","ts":"2025-07-22T12:28:50.029-04:00","source":{"id":"0","name":"eventBus"}}
{"__type":"$$EventMessageWorkflow","id":"62e97c55-b029-4d7d-85cb-71d9d4f99913","ts":"2025-07-22T12:29:47.144-04:00","eventName":"n8n.workflow.started","message":"n8n.workflow.started","payload":{"executionId":"35","workflowId":"fPZfsCyAXG0XMedJ","isManual":false,"workflowName":"My workflow"}}
{"__type":"$$EventMessageConfirm","confirm":"62e97c55-b029-4d7d-85cb-71d9d4f99913","ts":"2025-07-22T12:29:47.144-04:00","source":{"id":"0","name":"eventBus"}}
{"__type":"$$EventMessageNode","id":"661d8768-50ff-44e4-85bb-3d997567b090","ts":"2025-07-22T12:29:47.145-04:00","eventName":"n8n.node.started","message":"n8n.node.started","payload":{"workflowId":"fPZfsCyAXG0XMedJ","workflowName":"My workflow","executionId":"35","nodeType":"n8n-nodes-base.slack","nodeName":"Send a message","nodeId":"e7cb7d80-6893-48a9-acf6-3bcc7659c2e1"}}
{"__type":"$$EventMessageConfirm","confirm":"661d8768-50ff-44e4-85bb-3d997567b090","ts":"2025-07-22T12:29:47.145-04:00","source":{"id":"0","name":"eventBus"}}
{"__type":"$$EventMessageNode","id":"ecc83d71-9cd6-4d65-982a-da22c107f963","ts":"2025-07-22T12:29:48.037-04:00","eventName":"n8n.node.finished","message":"n8n.node.finished","payload":{"workflowId":"fPZfsCyAXG0XMedJ","workflowName":"My workflow","executionId":"35","nodeType":"n8n-nodes-base.slack","nodeName":"Send a message","nodeId":"e7cb7d80-6893-48a9-acf6-3bcc7659c2e1"}}
{"__type":"$$EventMessageConfirm","confirm":"ecc83d71-9cd6-4d65-982a-da22c107f963","ts":"2025-07-22T12:29:48.038-04:00","source":{"id":"0","name":"eventBus"}}
{"__type":"$$EventMessageWorkflow","id":"c9dcb9e7-53c3-4b3b-9b44-0b75fc9354b1","ts":"2025-07-22T12:29:48.043-04:00","eventName":"n8n.workflow.success","message":"n8n.workflow.success","payload":{"userId":"9ec87157-734a-4436-883e-3675572d86c1","executionId":"35","success":true,"isManual":true,"workflowId":"fPZfsCyAXG0XMedJ","workflowName":"My workflow"}}
{"__type":"$$EventMessageConfirm","confirm":"c9dcb9e7-53c3-4b3b-9b44-0b75fc9354b1","ts":"2025-07-22T12:29:48.043-04:00","source":{"id":"0","name":"eventBus"}}
{"__type":"$$EventMessageWorkflow","id":"f03c459b-aeb9-409c-9f16-78803c0bba9e","ts":"2025-07-22T12:30:57.239-04:00","eventName":"n8n.workflow.started","message":"n8n.workflow.started","payload":{"executionId":"36","workflowId":"fPZfsCyAXG0XMedJ","isManual":false,"workflowName":"My workflow"}}
{"__type":"$$EventMessageConfirm","confirm":"f03c459b-aeb9-409c-9f16-78803c0bba9e","ts":"2025-07-22T12:30:57.239-04:00","source":{"id":"0","name":"eventBus"}}
{"__type":"$$EventMessageNode","id":"4da015b4-14f1-4324-a1ae-899aafb9277d","ts":"2025-07-22T12:30:57.240-04:00","eventName":"n8n.node.started","message":"n8n.node.started","payload":{"workflowId":"fPZfsCyAXG0XMedJ","workflowName":"My workflow","executionId":"36","nodeType":"n8n-nodes-base.manualTrigger","nodeName":"When clicking ‘Execute workflow’","nodeId":"19d6d40f-1d60-4922-b22e-43e655db1996"}}
{"__type":"$$EventMessageConfirm","confirm":"4da015b4-14f1-4324-a1ae-899aafb9277d","ts":"2025-07-22T12:30:57.241-04:00","source":{"id":"0","name":"eventBus"}}
{"__type":"$$EventMessageNode","id":"4bf9d12d-83ca-4e7a-bb0b-da03b8617735","ts":"2025-07-22T12:30:57.242-04:00","eventName":"n8n.node.finished","message":"n8n.node.finished","payload":{"workflowId":"fPZfsCyAXG0XMedJ","workflowName":"My workflow","executionId":"36","nodeType":"n8n-nodes-base.manualTrigger","nodeName":"When clicking ‘Execute workflow’","nodeId":"19d6d40f-1d60-4922-b22e-43e655db1996"}}
{"__type":"$$EventMessageConfirm","confirm":"4bf9d12d-83ca-4e7a-bb0b-da03b8617735","ts":"2025-07-22T12:30:57.242-04:00","source":{"id":"0","name":"eventBus"}}
{"__type":"$$EventMessageNode","id":"c658bb4b-5194-4490-a420-ba88c82f47bb","ts":"2025-07-22T12:30:57.242-04:00","eventName":"n8n.node.started","message":"n8n.node.started","payload":{"workflowId":"fPZfsCyAXG0XMedJ","workflowName":"My workflow","executionId":"36","nodeType":"n8n-nodes-base.googleSheets","nodeName":"Get row(s) in sheet","nodeId":"83ac316a-c7b8-45b0-a259-866b1a6e314e"}}
{"__type":"$$EventMessageConfirm","confirm":"c658bb4b-5194-4490-a420-ba88c82f47bb","ts":"2025-07-22T12:30:57.242-04:00","source":{"id":"0","name":"eventBus"}}
{"__type":"$$EventMessageNode","id":"7dfcbadb-a2d5-4643-8aa3-3ee6ace1f091","ts":"2025-07-22T12:30:58.879-04:00","eventName":"n8n.node.finished","message":"n8n.node.finished","payload":{"workflowId":"fPZfsCyAXG0XMedJ","workflowName":"My workflow","executionId":"36","nodeType":"n8n-nodes-base.googleSheets","nodeName":"Get row(s) in sheet","nodeId":"83ac316a-c7b8-45b0-a259-866b1a6e314e"}}
{"__type":"$$EventMessageConfirm","confirm":"7dfcbadb-a2d5-4643-8aa3-3ee6ace1f091","ts":"2025-07-22T12:30:58.880-04:00","source":{"id":"0","name":"eventBus"}}
{"__type":"$$EventMessageNode","id":"ed899352-f7c3-4cf7-8e4b-696665dc2c3b","ts":"2025-07-22T12:30:58.880-04:00","eventName":"n8n.node.started","message":"n8n.node.started","payload":{"workflowId":"fPZfsCyAXG0XMedJ","workflowName":"My workflow","executionId":"36","nodeType":"n8n-nodes-base.googleCalendar","nodeName":"Create an event1","nodeId":"e6576cbf-e91a-4f7e-8cc5-9065e45b6cc1"}}
{"__type":"$$EventMessageConfirm","confirm":"ed899352-f7c3-4cf7-8e4b-696665dc2c3b","ts":"2025-07-22T12:30:58.880-04:00","source":{"id":"0","name":"eventBus"}}
{"__type":"$$EventMessageNode","id":"d4da5704-f3d5-4d2c-913f-4b73b4c279bf","ts":"2025-07-22T12:31:00.460-04:00","eventName":"n8n.node.finished","message":"n8n.node.finished","payload":{"workflowId":"fPZfsCyAXG0XMedJ","workflowName":"My workflow","executionId":"36","nodeType":"n8n-nodes-base.googleCalendar","nodeName":"Create an event1","nodeId":"e6576cbf-e91a-4f7e-8cc5-9065e45b6cc1"}}
{"__type":"$$EventMessageConfirm","confirm":"d4da5704-f3d5-4d2c-913f-4b73b4c279bf","ts":"2025-07-22T12:31:00.461-04:00","source":{"id":"0","name":"eventBus"}}
{"__type":"$$EventMessageNode","id":"a7fdb76d-00f3-4ec9-a378-d3d11cb8c61c","ts":"2025-07-22T12:31:00.461-04:00","eventName":"n8n.node.started","message":"n8n.node.started","payload":{"workflowId":"fPZfsCyAXG0XMedJ","workflowName":"My workflow","executionId":"36","nodeType":"n8n-nodes-base.slack","nodeName":"Send a message","nodeId":"e7cb7d80-6893-48a9-acf6-3bcc7659c2e1"}}
{"__type":"$$EventMessageConfirm","confirm":"a7fdb76d-00f3-4ec9-a378-d3d11cb8c61c","ts":"2025-07-22T12:31:00.461-04:00","source":{"id":"0","name":"eventBus"}}
{"__type":"$$EventMessageNode","id":"fec86f47-4fa1-4789-bf3a-909132bbe701","ts":"2025-07-22T12:31:01.264-04:00","eventName":"n8n.node.finished","message":"n8n.node.finished","payload":{"workflowId":"fPZfsCyAXG0XMedJ","workflowName":"My workflow","executionId":"36","nodeType":"n8n-nodes-base.slack","nodeName":"Send a message","nodeId":"e7cb7d80-6893-48a9-acf6-3bcc7659c2e1"}}
{"__type":"$$EventMessageConfirm","confirm":"fec86f47-4fa1-4789-bf3a-909132bbe701","ts":"2025-07-22T12:31:01.264-04:00","source":{"id":"0","name":"eventBus"}}
{"__type":"$$EventMessageWorkflow","id":"177d3117-e5ff-4530-bfd1-5ce34186e77f","ts":"2025-07-22T12:31:01.269-04:00","eventName":"n8n.workflow.success","message":"n8n.workflow.success","payload":{"userId":"9ec87157-734a-4436-883e-3675572d86c1","executionId":"36","success":true,"isManual":true,"workflowId":"fPZfsCyAXG0XMedJ","workflowName":"My workflow"}}
{"__type":"$$EventMessageConfirm","confirm":"177d3117-e5ff-4530-bfd1-5ce34186e77f","ts":"2025-07-22T12:31:01.269-04:00","source":{"id":"0","name":"eventBus"}}
